cabal: Entering directory '/tmp/cabal-tmp-31372/adjunctions-4.3'
Configuring adjunctions-4.3...
Building adjunctions-4.3...
Preprocessing library adjunctions-4.3...
[ 1 of 11] Compiling Data.Functor.Contravariant.Rep ( src/Data/Functor/Contravariant/Rep.hs, dist/dist-sandbox-b0155bc7/build/Data/Functor/Contravariant/Rep.o )

src/Data/Functor/Contravariant/Rep.hs:55:1: warning: [-Winline-rule-shadowing]
    Rule "tabulate/index" may never fire
      because rule "Class op index" for ‘index’ might fire first
    Probable fix: add phase [n] or [~n] to the competing rule
[ 2 of 11] Compiling Control.Monad.Trans.Conts ( src/Control/Monad/Trans/Conts.hs, dist/dist-sandbox-b0155bc7/build/Control/Monad/Trans/Conts.o )
[ 3 of 11] Compiling Data.Functor.Contravariant.Adjunction ( src/Data/Functor/Contravariant/Adjunction.hs, dist/dist-sandbox-b0155bc7/build/Data/Functor/Contravariant/Adjunction.o )
[ 4 of 11] Compiling Control.Monad.Trans.Contravariant.Adjoint ( src/Control/Monad/Trans/Contravariant/Adjoint.hs, dist/dist-sandbox-b0155bc7/build/Control/Monad/Trans/Contravariant/Adjoint.o )
[ 5 of 11] Compiling Data.Functor.Rep ( src/Data/Functor/Rep.hs, dist/dist-sandbox-b0155bc7/build/Data/Functor/Rep.o )

src/Data/Functor/Rep.hs:111:1: warning: [-Winline-rule-shadowing]
    Rule "tabulate/index" may never fire
      because rule "Class op index" for ‘index’ might fire first
    Probable fix: add phase [n] or [~n] to the competing rule
[ 6 of 11] Compiling Data.Functor.Adjunction ( src/Data/Functor/Adjunction.hs, dist/dist-sandbox-b0155bc7/build/Data/Functor/Adjunction.o )
[ 7 of 11] Compiling Control.Comonad.Trans.Adjoint ( src/Control/Comonad/Trans/Adjoint.hs, dist/dist-sandbox-b0155bc7/build/Control/Comonad/Trans/Adjoint.o )
[ 8 of 11] Compiling Control.Monad.Trans.Adjoint ( src/Control/Monad/Trans/Adjoint.hs, dist/dist-sandbox-b0155bc7/build/Control/Monad/Trans/Adjoint.o )
[ 9 of 11] Compiling Control.Monad.Representable.Reader ( src/Control/Monad/Representable/Reader.hs, dist/dist-sandbox-b0155bc7/build/Control/Monad/Representable/Reader.o )
[10 of 11] Compiling Control.Monad.Representable.State ( src/Control/Monad/Representable/State.hs, dist/dist-sandbox-b0155bc7/build/Control/Monad/Representable/State.o )
[11 of 11] Compiling Control.Comonad.Representable.Store ( src/Control/Comonad/Representable/Store.hs, dist/dist-sandbox-b0155bc7/build/Control/Comonad/Representable/Store.o )
Creating package registration file:
/tmp/pkgConf-adjunctions-4350322227841148365.3
Installing library in
/home/fatty/abridgefaraway/.cabal-sandbox/lib/x86_64-linux-ghc-8.0.1/adjunctions-4.3-JgrrwBjdwdsDQhSSMHXHqB
Registering adjunctions-4.3...
cabal: Leaving directory '/tmp/cabal-tmp-31372/adjunctions-4.3'
