cabal: Entering directory '/tmp/cabal-tmp-31372/free-4.12.4'
Configuring free-4.12.4...
Building free-4.12.4...
Preprocessing library free-4.12.4...
[ 1 of 16] Compiling Control.Monad.Free.TH ( src/Control/Monad/Free/TH.hs, dist/dist-sandbox-b0155bc7/build/Control/Monad/Free/TH.o )
[ 2 of 16] Compiling Control.Monad.Free.Class ( src/Control/Monad/Free/Class.hs, dist/dist-sandbox-b0155bc7/build/Control/Monad/Free/Class.o )
[ 3 of 16] Compiling Control.Monad.Trans.Iter ( src/Control/Monad/Trans/Iter.hs, dist/dist-sandbox-b0155bc7/build/Control/Monad/Trans/Iter.o )
[ 4 of 16] Compiling Control.Monad.Trans.Free ( src/Control/Monad/Trans/Free.hs, dist/dist-sandbox-b0155bc7/build/Control/Monad/Trans/Free.o )
[ 5 of 16] Compiling Control.Monad.Trans.Free.Church ( src/Control/Monad/Trans/Free/Church.hs, dist/dist-sandbox-b0155bc7/build/Control/Monad/Trans/Free/Church.o )
[ 6 of 16] Compiling Control.Monad.Free ( src/Control/Monad/Free.hs, dist/dist-sandbox-b0155bc7/build/Control/Monad/Free.o )
[ 7 of 16] Compiling Control.Monad.Free.Church ( src/Control/Monad/Free/Church.hs, dist/dist-sandbox-b0155bc7/build/Control/Monad/Free/Church.o )
[ 8 of 16] Compiling Control.Comonad.Cofree.Class ( src/Control/Comonad/Cofree/Class.hs, dist/dist-sandbox-b0155bc7/build/Control/Comonad/Cofree/Class.o )
[ 9 of 16] Compiling Control.Comonad.Trans.Cofree ( src/Control/Comonad/Trans/Cofree.hs, dist/dist-sandbox-b0155bc7/build/Control/Comonad/Trans/Cofree.o )
[10 of 16] Compiling Control.Comonad.Trans.Coiter ( src/Control/Comonad/Trans/Coiter.hs, dist/dist-sandbox-b0155bc7/build/Control/Comonad/Trans/Coiter.o )
[11 of 16] Compiling Control.Comonad.Cofree ( src/Control/Comonad/Cofree.hs, dist/dist-sandbox-b0155bc7/build/Control/Comonad/Cofree.o )
[12 of 16] Compiling Control.Alternative.Free.Final ( src/Control/Alternative/Free/Final.hs, dist/dist-sandbox-b0155bc7/build/Control/Alternative/Free/Final.o )
[13 of 16] Compiling Control.Alternative.Free ( src/Control/Alternative/Free.hs, dist/dist-sandbox-b0155bc7/build/Control/Alternative/Free.o )
[14 of 16] Compiling Control.Applicative.Trans.Free ( src/Control/Applicative/Trans/Free.hs, dist/dist-sandbox-b0155bc7/build/Control/Applicative/Trans/Free.o )
[15 of 16] Compiling Control.Applicative.Free.Final ( src/Control/Applicative/Free/Final.hs, dist/dist-sandbox-b0155bc7/build/Control/Applicative/Free/Final.o )
[16 of 16] Compiling Control.Applicative.Free ( src/Control/Applicative/Free.hs, dist/dist-sandbox-b0155bc7/build/Control/Applicative/Free.o )
Creating package registration file:
/tmp/pkgConf-free-4.122142757034116087764.4
Installing library in
/home/fatty/abridgefaraway/.cabal-sandbox/lib/x86_64-linux-ghc-8.0.1/free-4.12.4-6ZWYtkj6Zjr5byvYm3W77f
Registering free-4.12.4...
cabal: Leaving directory '/tmp/cabal-tmp-31372/free-4.12.4'
