cabal: Entering directory '/tmp/cabal-tmp-21278/OpenGLRaw-3.2.3.0'
Configuring OpenGLRaw-3.2.3.0...
Building OpenGLRaw-3.2.3.0...
Preprocessing library OpenGLRaw-3.2.3.0...
[  1 of 573] Compiling Graphics.GL.Groups ( src/Graphics/GL/Groups.hs, dist/dist-sandbox-b0155bc7/build/Graphics/GL/Groups.o )
[  2 of 573] Compiling Graphics.GL.Types ( src/Graphics/GL/Types.hs, dist/dist-sandbox-b0155bc7/build/Graphics/GL/Types.o )
[  3 of 573] Compiling Graphics.GL.Tokens ( src/Graphics/GL/Tokens.hs, dist/dist-sandbox-b0155bc7/build/Graphics/GL/Tokens.o )
[  4 of 573] Compiling Graphics.GL.GetProcAddress ( src/Graphics/GL/GetProcAddress.hs, dist/dist-sandbox-b0155bc7/build/Graphics/GL/GetProcAddress.o )
[  5 of 573] Compiling Graphics.GL.ExtensionPredicates ( src/Graphics/GL/ExtensionPredicates.hs, dist/dist-sandbox-b0155bc7/build/Graphics/GL/ExtensionPredicates.o )
[  6 of 573] Compiling Graphics.GL.AMD.BlendMinmaxFactor ( src/Graphics/GL/AMD/BlendMinmaxFactor.hs, dist/dist-sandbox-b0155bc7/build/Graphics/GL/AMD/BlendMinmaxFactor.o )
[  7 of 573] Compiling Graphics.GL.AMD.DepthClampSeparate ( src/Graphics/GL/AMD/DepthClampSeparate.hs, dist/dist-sandbox-b0155bc7/build/Graphics/GL/AMD/DepthClampSeparate.o )
[  8 of 573] Compiling Graphics.GL.AMD.GPUShaderHalfFloat ( src/Graphics/GL/AMD/GPUShaderHalfFloat.hs, dist/dist-sandbox-b0155bc7/build/Graphics/GL/AMD/GPUShaderHalfFloat.o )
[  9 of 573] Compiling Graphics.GL.AMD.PinnedMemory ( src/Graphics/GL/AMD/PinnedMemory.hs, dist/dist-sandbox-b0155bc7/build/Graphics/GL/AMD/PinnedMemory.o )
[ 10 of 573] Compiling Graphics.GL.AMD.QueryBufferObject ( src/Graphics/GL/AMD/QueryBufferObject.hs, dist/dist-sandbox-b0155bc7/build/Graphics/GL/AMD/QueryBufferObject.o )
[ 11 of 573] Compiling Graphics.GL.AMD.SeamlessCubemapPerTexture ( src/Graphics/GL/AMD/SeamlessCubemapPerTexture.hs, dist/dist-sandbox-b0155bc7/build/Graphics/GL/AMD/SeamlessCubemapPerTexture.o )
[ 12 of 573] Compiling Graphics.GL.AMD.TransformFeedback4 ( src/Graphics/GL/AMD/TransformFeedback4.hs, dist/dist-sandbox-b0155bc7/build/Graphics/GL/AMD/TransformFeedback4.o )
[ 13 of 573] Compiling Graphics.GL.APPLE.AuxDepthStencil ( src/Graphics/GL/APPLE/AuxDepthStencil.hs, dist/dist-sandbox-b0155bc7/build/Graphics/GL/APPLE/AuxDepthStencil.o )
[ 14 of 573] Compiling Graphics.GL.APPLE.ClientStorage ( src/Graphics/GL/APPLE/ClientStorage.hs, dist/dist-sandbox-b0155bc7/build/Graphics/GL/APPLE/ClientStorage.o )
[ 15 of 573] Compiling Graphics.GL.APPLE.FloatPixels ( src/Graphics/GL/APPLE/FloatPixels.hs, dist/dist-sandbox-b0155bc7/build/Graphics/GL/APPLE/FloatPixels.o )
[ 16 of 573] Compiling Graphics.GL.APPLE.RGB422 ( src/Graphics/GL/APPLE/RGB422.hs, dist/dist-sandbox-b0155bc7/build/Graphics/GL/APPLE/RGB422.o )
[ 17 of 573] Compiling Graphics.GL.APPLE.RowBytes ( src/Graphics/GL/APPLE/RowBytes.hs, dist/dist-sandbox-b0155bc7/build/Graphics/GL/APPLE/RowBytes.o )
[ 18 of 573] Compiling Graphics.GL.APPLE.SpecularVector ( src/Graphics/GL/APPLE/SpecularVector.hs, dist/dist-sandbox-b0155bc7/build/Graphics/GL/APPLE/SpecularVector.o )
[ 19 of 573] Compiling Graphics.GL.APPLE.TransformHint ( src/Graphics/GL/APPLE/TransformHint.hs, dist/dist-sandbox-b0155bc7/build/Graphics/GL/APPLE/TransformHint.o )
[ 20 of 573] Compiling Graphics.GL.APPLE.YCbCr422 ( src/Graphics/GL/APPLE/YCbCr422.hs, dist/dist-sandbox-b0155bc7/build/Graphics/GL/APPLE/YCbCr422.o )
[ 21 of 573] Compiling Graphics.GL.ARB.CompressedTexturePixelStorage ( src/Graphics/GL/ARB/CompressedTexturePixelStorage.hs, dist/dist-sandbox-b0155bc7/build/Graphics/GL/ARB/CompressedTexturePixelStorage.o )
[ 22 of 573] Compiling Graphics.GL.ARB.ConditionalRenderInverted ( src/Graphics/GL/ARB/ConditionalRenderInverted.hs, dist/dist-sandbox-b0155bc7/build/Graphics/GL/ARB/ConditionalRenderInverted.o )
[ 23 of 573] Compiling Graphics.GL.ARB.CullDistance ( src/Graphics/GL/ARB/CullDistance.hs, dist/dist-sandbox-b0155bc7/build/Graphics/GL/ARB/CullDistance.o )
[ 24 of 573] Compiling Graphics.GL.ARB.DepthBufferFloat ( src/Graphics/GL/ARB/DepthBufferFloat.hs, dist/dist-sandbox-b0155bc7/build/Graphics/GL/ARB/DepthBufferFloat.o )
[ 25 of 573] Compiling Graphics.GL.ARB.DepthClamp ( src/Graphics/GL/ARB/DepthClamp.hs, dist/dist-sandbox-b0155bc7/build/Graphics/GL/ARB/DepthClamp.o )
[ 26 of 573] Compiling Graphics.GL.ARB.DepthTexture ( src/Graphics/GL/ARB/DepthTexture.hs, dist/dist-sandbox-b0155bc7/build/Graphics/GL/ARB/DepthTexture.o )
[ 27 of 573] Compiling Graphics.GL.ARB.ES3Compatibility ( src/Graphics/GL/ARB/ES3Compatibility.hs, dist/dist-sandbox-b0155bc7/build/Graphics/GL/ARB/ES3Compatibility.o )
[ 28 of 573] Compiling Graphics.GL.ARB.EnhancedLayouts ( src/Graphics/GL/ARB/EnhancedLayouts.hs, dist/dist-sandbox-b0155bc7/build/Graphics/GL/ARB/EnhancedLayouts.o )
[ 29 of 573] Compiling Graphics.GL.ARB.ExplicitUniformLocation ( src/Graphics/GL/ARB/ExplicitUniformLocation.hs, dist/dist-sandbox-b0155bc7/build/Graphics/GL/ARB/ExplicitUniformLocation.o )
[ 30 of 573] Compiling Graphics.GL.ARB.FragmentShader ( src/Graphics/GL/ARB/FragmentShader.hs, dist/dist-sandbox-b0155bc7/build/Graphics/GL/ARB/FragmentShader.o )
[ 31 of 573] Compiling Graphics.GL.ARB.FramebufferSRGB ( src/Graphics/GL/ARB/FramebufferSRGB.hs, dist/dist-sandbox-b0155bc7/build/Graphics/GL/ARB/FramebufferSRGB.o )
[ 32 of 573] Compiling Graphics.GL.ARB.GPUShader5 ( src/Graphics/GL/ARB/GPUShader5.hs, dist/dist-sandbox-b0155bc7/build/Graphics/GL/ARB/GPUShader5.o )
[ 33 of 573] Compiling Graphics.GL.ARB.HalfFloatPixel ( src/Graphics/GL/ARB/HalfFloatPixel.hs, dist/dist-sandbox-b0155bc7/build/Graphics/GL/ARB/HalfFloatPixel.o )
[ 34 of 573] Compiling Graphics.GL.ARB.HalfFloatVertex ( src/Graphics/GL/ARB/HalfFloatVertex.hs, dist/dist-sandbox-b0155bc7/build/Graphics/GL/ARB/HalfFloatVertex.o )
[ 35 of 573] Compiling Graphics.GL.ARB.MapBufferAlignment ( src/Graphics/GL/ARB/MapBufferAlignment.hs, dist/dist-sandbox-b0155bc7/build/Graphics/GL/ARB/MapBufferAlignment.o )
[ 36 of 573] Compiling Graphics.GL.ARB.OcclusionQuery2 ( src/Graphics/GL/ARB/OcclusionQuery2.hs, dist/dist-sandbox-b0155bc7/build/Graphics/GL/ARB/OcclusionQuery2.o )
[ 37 of 573] Compiling Graphics.GL.ARB.PipelineStatisticsQuery ( src/Graphics/GL/ARB/PipelineStatisticsQuery.hs, dist/dist-sandbox-b0155bc7/build/Graphics/GL/ARB/PipelineStatisticsQuery.o )
[ 38 of 573] Compiling Graphics.GL.ARB.PixelBufferObject ( src/Graphics/GL/ARB/PixelBufferObject.hs, dist/dist-sandbox-b0155bc7/build/Graphics/GL/ARB/PixelBufferObject.o )
[ 39 of 573] Compiling Graphics.GL.ARB.PointSprite ( src/Graphics/GL/ARB/PointSprite.hs, dist/dist-sandbox-b0155bc7/build/Graphics/GL/ARB/PointSprite.o )
[ 40 of 573] Compiling Graphics.GL.ARB.QueryBufferObject ( src/Graphics/GL/ARB/QueryBufferObject.hs, dist/dist-sandbox-b0155bc7/build/Graphics/GL/ARB/QueryBufferObject.o )
[ 41 of 573] Compiling Graphics.GL.ARB.SeamlessCubeMap ( src/Graphics/GL/ARB/SeamlessCubeMap.hs, dist/dist-sandbox-b0155bc7/build/Graphics/GL/ARB/SeamlessCubeMap.o )
[ 42 of 573] Compiling Graphics.GL.ARB.SeamlessCubemapPerTexture ( src/Graphics/GL/ARB/SeamlessCubemapPerTexture.hs, dist/dist-sandbox-b0155bc7/build/Graphics/GL/ARB/SeamlessCubemapPerTexture.o )
[ 43 of 573] Compiling Graphics.GL.ARB.ShadingLanguage100 ( src/Graphics/GL/ARB/ShadingLanguage100.hs, dist/dist-sandbox-b0155bc7/build/Graphics/GL/ARB/ShadingLanguage100.o )
[ 44 of 573] Compiling Graphics.GL.ARB.Shadow ( src/Graphics/GL/ARB/Shadow.hs, dist/dist-sandbox-b0155bc7/build/Graphics/GL/ARB/Shadow.o )
[ 45 of 573] Compiling Graphics.GL.ARB.ShadowAmbient ( src/Graphics/GL/ARB/ShadowAmbient.hs, dist/dist-sandbox-b0155bc7/build/Graphics/GL/ARB/ShadowAmbient.o )
[ 46 of 573] Compiling Graphics.GL.ARB.StencilTexturing ( src/Graphics/GL/ARB/StencilTexturing.hs, dist/dist-sandbox-b0155bc7/build/Graphics/GL/ARB/StencilTexturing.o )
[ 47 of 573] Compiling Graphics.GL.ARB.TextureBorderClamp ( src/Graphics/GL/ARB/TextureBorderClamp.hs, dist/dist-sandbox-b0155bc7/build/Graphics/GL/ARB/TextureBorderClamp.o )
[ 48 of 573] Compiling Graphics.GL.ARB.TextureBufferObjectRGB32 ( src/Graphics/GL/ARB/TextureBufferObjectRGB32.hs, dist/dist-sandbox-b0155bc7/build/Graphics/GL/ARB/TextureBufferObjectRGB32.o )
[ 49 of 573] Compiling Graphics.GL.ARB.TextureCompressionBPTC ( src/Graphics/GL/ARB/TextureCompressionBPTC.hs, dist/dist-sandbox-b0155bc7/build/Graphics/GL/ARB/TextureCompressionBPTC.o )
[ 50 of 573] Compiling Graphics.GL.ARB.TextureCompressionRGTC ( src/Graphics/GL/ARB/TextureCompressionRGTC.hs, dist/dist-sandbox-b0155bc7/build/Graphics/GL/ARB/TextureCompressionRGTC.o )
[ 51 of 573] Compiling Graphics.GL.ARB.TextureCubeMap ( src/Graphics/GL/ARB/TextureCubeMap.hs, dist/dist-sandbox-b0155bc7/build/Graphics/GL/ARB/TextureCubeMap.o )
[ 52 of 573] Compiling Graphics.GL.ARB.TextureCubeMapArray ( src/Graphics/GL/ARB/TextureCubeMapArray.hs, dist/dist-sandbox-b0155bc7/build/Graphics/GL/ARB/TextureCubeMapArray.o )
[ 53 of 573] Compiling Graphics.GL.ARB.TextureEnvCombine ( src/Graphics/GL/ARB/TextureEnvCombine.hs, dist/dist-sandbox-b0155bc7/build/Graphics/GL/ARB/TextureEnvCombine.o )
[ 54 of 573] Compiling Graphics.GL.ARB.TextureEnvDot3 ( src/Graphics/GL/ARB/TextureEnvDot3.hs, dist/dist-sandbox-b0155bc7/build/Graphics/GL/ARB/TextureEnvDot3.o )
[ 55 of 573] Compiling Graphics.GL.ARB.TextureFilterMinmax ( src/Graphics/GL/ARB/TextureFilterMinmax.hs, dist/dist-sandbox-b0155bc7/build/Graphics/GL/ARB/TextureFilterMinmax.o )
[ 56 of 573] Compiling Graphics.GL.ARB.TextureFloat ( src/Graphics/GL/ARB/TextureFloat.hs, dist/dist-sandbox-b0155bc7/build/Graphics/GL/ARB/TextureFloat.o )
[ 57 of 573] Compiling Graphics.GL.ARB.TextureGather ( src/Graphics/GL/ARB/TextureGather.hs, dist/dist-sandbox-b0155bc7/build/Graphics/GL/ARB/TextureGather.o )
[ 58 of 573] Compiling Graphics.GL.ARB.TextureMirrorClampToEdge ( src/Graphics/GL/ARB/TextureMirrorClampToEdge.hs, dist/dist-sandbox-b0155bc7/build/Graphics/GL/ARB/TextureMirrorClampToEdge.o )
[ 59 of 573] Compiling Graphics.GL.ARB.TextureMirroredRepeat ( src/Graphics/GL/ARB/TextureMirroredRepeat.hs, dist/dist-sandbox-b0155bc7/build/Graphics/GL/ARB/TextureMirroredRepeat.o )
[ 60 of 573] Compiling Graphics.GL.ARB.TextureRG ( src/Graphics/GL/ARB/TextureRG.hs, dist/dist-sandbox-b0155bc7/build/Graphics/GL/ARB/TextureRG.o )
[ 61 of 573] Compiling Graphics.GL.ARB.TextureRGB10A2UI ( src/Graphics/GL/ARB/TextureRGB10A2UI.hs, dist/dist-sandbox-b0155bc7/build/Graphics/GL/ARB/TextureRGB10A2UI.o )
[ 62 of 573] Compiling Graphics.GL.ARB.TextureRectangle ( src/Graphics/GL/ARB/TextureRectangle.hs, dist/dist-sandbox-b0155bc7/build/Graphics/GL/ARB/TextureRectangle.o )
[ 63 of 573] Compiling Graphics.GL.ARB.TextureStencil8 ( src/Graphics/GL/ARB/TextureStencil8.hs, dist/dist-sandbox-b0155bc7/build/Graphics/GL/ARB/TextureStencil8.o )
[ 64 of 573] Compiling Graphics.GL.ARB.TextureSwizzle ( src/Graphics/GL/ARB/TextureSwizzle.hs, dist/dist-sandbox-b0155bc7/build/Graphics/GL/ARB/TextureSwizzle.o )
[ 65 of 573] Compiling Graphics.GL.ARB.TransformFeedbackOverflowQuery ( src/Graphics/GL/ARB/TransformFeedbackOverflowQuery.hs, dist/dist-sandbox-b0155bc7/build/Graphics/GL/ARB/TransformFeedbackOverflowQuery.o )
[ 66 of 573] Compiling Graphics.GL.ARB.VertexArrayBGRA ( src/Graphics/GL/ARB/VertexArrayBGRA.hs, dist/dist-sandbox-b0155bc7/build/Graphics/GL/ARB/VertexArrayBGRA.o )
[ 67 of 573] Compiling Graphics.GL.ARB.VertexType10f11f11fRev ( src/Graphics/GL/ARB/VertexType10f11f11fRev.hs, dist/dist-sandbox-b0155bc7/build/Graphics/GL/ARB/VertexType10f11f11fRev.o )
[ 68 of 573] Compiling Graphics.GL.ATI.Meminfo ( src/Graphics/GL/ATI/Meminfo.hs, dist/dist-sandbox-b0155bc7/build/Graphics/GL/ATI/Meminfo.o )
[ 69 of 573] Compiling Graphics.GL.ATI.PixelFormatFloat ( src/Graphics/GL/ATI/PixelFormatFloat.hs, dist/dist-sandbox-b0155bc7/build/Graphics/GL/ATI/PixelFormatFloat.o )
[ 70 of 573] Compiling Graphics.GL.ATI.TextFragmentShader ( src/Graphics/GL/ATI/TextFragmentShader.hs, dist/dist-sandbox-b0155bc7/build/Graphics/GL/ATI/TextFragmentShader.o )
[ 71 of 573] Compiling Graphics.GL.ATI.TextureEnvCombine3 ( src/Graphics/GL/ATI/TextureEnvCombine3.hs, dist/dist-sandbox-b0155bc7/build/Graphics/GL/ATI/TextureEnvCombine3.o )
[ 72 of 573] Compiling Graphics.GL.ATI.TextureFloat ( src/Graphics/GL/ATI/TextureFloat.hs, dist/dist-sandbox-b0155bc7/build/Graphics/GL/ATI/TextureFloat.o )
[ 73 of 573] Compiling Graphics.GL.ATI.TextureMirrorOnce ( src/Graphics/GL/ATI/TextureMirrorOnce.hs, dist/dist-sandbox-b0155bc7/build/Graphics/GL/ATI/TextureMirrorOnce.o )
[ 74 of 573] Compiling Graphics.GL.EXT.ABGR ( src/Graphics/GL/EXT/ABGR.hs, dist/dist-sandbox-b0155bc7/build/Graphics/GL/EXT/ABGR.o )
[ 75 of 573] Compiling Graphics.GL.EXT.BGRA ( src/Graphics/GL/EXT/BGRA.hs, dist/dist-sandbox-b0155bc7/build/Graphics/GL/EXT/BGRA.o )
[ 76 of 573] Compiling Graphics.GL.EXT.BlendSubtract ( src/Graphics/GL/EXT/BlendSubtract.hs, dist/dist-sandbox-b0155bc7/build/Graphics/GL/EXT/BlendSubtract.o )
[ 77 of 573] Compiling Graphics.GL.EXT.CMYKA ( src/Graphics/GL/EXT/CMYKA.hs, dist/dist-sandbox-b0155bc7/build/Graphics/GL/EXT/CMYKA.o )
[ 78 of 573] Compiling Graphics.GL.EXT.ClipVolumeHint ( src/Graphics/GL/EXT/ClipVolumeHint.hs, dist/dist-sandbox-b0155bc7/build/Graphics/GL/EXT/ClipVolumeHint.o )
[ 79 of 573] Compiling Graphics.GL.EXT.FourTwoTwoPixels ( src/Graphics/GL/EXT/FourTwoTwoPixels.hs, dist/dist-sandbox-b0155bc7/build/Graphics/GL/EXT/FourTwoTwoPixels.o )
[ 80 of 573] Compiling Graphics.GL.EXT.FramebufferMultisampleBlitScaled ( src/Graphics/GL/EXT/FramebufferMultisampleBlitScaled.hs, dist/dist-sandbox-b0155bc7/build/Graphics/GL/EXT/FramebufferMultisampleBlitScaled.o )
[ 81 of 573] Compiling Graphics.GL.EXT.FramebufferSRGB ( src/Graphics/GL/EXT/FramebufferSRGB.hs, dist/dist-sandbox-b0155bc7/build/Graphics/GL/EXT/FramebufferSRGB.o )
[ 82 of 573] Compiling Graphics.GL.EXT.IndexArrayFormats ( src/Graphics/GL/EXT/IndexArrayFormats.hs, dist/dist-sandbox-b0155bc7/build/Graphics/GL/EXT/IndexArrayFormats.o )
[ 83 of 573] Compiling Graphics.GL.EXT.PackedDepthStencil ( src/Graphics/GL/EXT/PackedDepthStencil.hs, dist/dist-sandbox-b0155bc7/build/Graphics/GL/EXT/PackedDepthStencil.o )
[ 84 of 573] Compiling Graphics.GL.EXT.PackedFloat ( src/Graphics/GL/EXT/PackedFloat.hs, dist/dist-sandbox-b0155bc7/build/Graphics/GL/EXT/PackedFloat.o )
[ 85 of 573] Compiling Graphics.GL.EXT.PackedPixels ( src/Graphics/GL/EXT/PackedPixels.hs, dist/dist-sandbox-b0155bc7/build/Graphics/GL/EXT/PackedPixels.o )
[ 86 of 573] Compiling Graphics.GL.EXT.PixelBufferObject ( src/Graphics/GL/EXT/PixelBufferObject.hs, dist/dist-sandbox-b0155bc7/build/Graphics/GL/EXT/PixelBufferObject.o )
[ 87 of 573] Compiling Graphics.GL.EXT.RescaleNormal ( src/Graphics/GL/EXT/RescaleNormal.hs, dist/dist-sandbox-b0155bc7/build/Graphics/GL/EXT/RescaleNormal.o )
[ 88 of 573] Compiling Graphics.GL.EXT.SeparateSpecularColor ( src/Graphics/GL/EXT/SeparateSpecularColor.hs, dist/dist-sandbox-b0155bc7/build/Graphics/GL/EXT/SeparateSpecularColor.o )
[ 89 of 573] Compiling Graphics.GL.EXT.SharedTexturePalette ( src/Graphics/GL/EXT/SharedTexturePalette.hs, dist/dist-sandbox-b0155bc7/build/Graphics/GL/EXT/SharedTexturePalette.o )
[ 90 of 573] Compiling Graphics.GL.EXT.StencilWrap ( src/Graphics/GL/EXT/StencilWrap.hs, dist/dist-sandbox-b0155bc7/build/Graphics/GL/EXT/StencilWrap.o )
[ 91 of 573] Compiling Graphics.GL.EXT.Texture ( src/Graphics/GL/EXT/Texture.hs, dist/dist-sandbox-b0155bc7/build/Graphics/GL/EXT/Texture.o )
[ 92 of 573] Compiling Graphics.GL.EXT.TextureCompressionLATC ( src/Graphics/GL/EXT/TextureCompressionLATC.hs, dist/dist-sandbox-b0155bc7/build/Graphics/GL/EXT/TextureCompressionLATC.o )
[ 93 of 573] Compiling Graphics.GL.EXT.TextureCompressionRGTC ( src/Graphics/GL/EXT/TextureCompressionRGTC.hs, dist/dist-sandbox-b0155bc7/build/Graphics/GL/EXT/TextureCompressionRGTC.o )
[ 94 of 573] Compiling Graphics.GL.EXT.TextureCompressionS3TC ( src/Graphics/GL/EXT/TextureCompressionS3TC.hs, dist/dist-sandbox-b0155bc7/build/Graphics/GL/EXT/TextureCompressionS3TC.o )
[ 95 of 573] Compiling Graphics.GL.EXT.TextureCubeMap ( src/Graphics/GL/EXT/TextureCubeMap.hs, dist/dist-sandbox-b0155bc7/build/Graphics/GL/EXT/TextureCubeMap.o )
[ 96 of 573] Compiling Graphics.GL.EXT.TextureEnvCombine ( src/Graphics/GL/EXT/TextureEnvCombine.hs, dist/dist-sandbox-b0155bc7/build/Graphics/GL/EXT/TextureEnvCombine.o )
[ 97 of 573] Compiling Graphics.GL.EXT.TextureEnvDot3 ( src/Graphics/GL/EXT/TextureEnvDot3.hs, dist/dist-sandbox-b0155bc7/build/Graphics/GL/EXT/TextureEnvDot3.o )
[ 98 of 573] Compiling Graphics.GL.EXT.TextureFilterAnisotropic ( src/Graphics/GL/EXT/TextureFilterAnisotropic.hs, dist/dist-sandbox-b0155bc7/build/Graphics/GL/EXT/TextureFilterAnisotropic.o )
[ 99 of 573] Compiling Graphics.GL.EXT.TextureLODBias ( src/Graphics/GL/EXT/TextureLODBias.hs, dist/dist-sandbox-b0155bc7/build/Graphics/GL/EXT/TextureLODBias.o )
[100 of 573] Compiling Graphics.GL.EXT.TextureMirrorClamp ( src/Graphics/GL/EXT/TextureMirrorClamp.hs, dist/dist-sandbox-b0155bc7/build/Graphics/GL/EXT/TextureMirrorClamp.o )
[101 of 573] Compiling Graphics.GL.EXT.TextureSNorm ( src/Graphics/GL/EXT/TextureSNorm.hs, dist/dist-sandbox-b0155bc7/build/Graphics/GL/EXT/TextureSNorm.o )
[102 of 573] Compiling Graphics.GL.EXT.TextureSRGB ( src/Graphics/GL/EXT/TextureSRGB.hs, dist/dist-sandbox-b0155bc7/build/Graphics/GL/EXT/TextureSRGB.o )
[103 of 573] Compiling Graphics.GL.EXT.TextureSRGBDecode ( src/Graphics/GL/EXT/TextureSRGBDecode.hs, dist/dist-sandbox-b0155bc7/build/Graphics/GL/EXT/TextureSRGBDecode.o )
[104 of 573] Compiling Graphics.GL.EXT.TextureSharedExponent ( src/Graphics/GL/EXT/TextureSharedExponent.hs, dist/dist-sandbox-b0155bc7/build/Graphics/GL/EXT/TextureSharedExponent.o )
[105 of 573] Compiling Graphics.GL.EXT.TextureSwizzle ( src/Graphics/GL/EXT/TextureSwizzle.hs, dist/dist-sandbox-b0155bc7/build/Graphics/GL/EXT/TextureSwizzle.o )
[106 of 573] Compiling Graphics.GL.EXT.VertexArrayBGRA ( src/Graphics/GL/EXT/VertexArrayBGRA.hs, dist/dist-sandbox-b0155bc7/build/Graphics/GL/EXT/VertexArrayBGRA.o )
[107 of 573] Compiling Graphics.GL.HP.ConvolutionBorderModes ( src/Graphics/GL/HP/ConvolutionBorderModes.hs, dist/dist-sandbox-b0155bc7/build/Graphics/GL/HP/ConvolutionBorderModes.o )
[108 of 573] Compiling Graphics.GL.HP.OcclusionTest ( src/Graphics/GL/HP/OcclusionTest.hs, dist/dist-sandbox-b0155bc7/build/Graphics/GL/HP/OcclusionTest.o )
[109 of 573] Compiling Graphics.GL.HP.TextureLighting ( src/Graphics/GL/HP/TextureLighting.hs, dist/dist-sandbox-b0155bc7/build/Graphics/GL/HP/TextureLighting.o )
[110 of 573] Compiling Graphics.GL.IBM.CullVertex ( src/Graphics/GL/IBM/CullVertex.hs, dist/dist-sandbox-b0155bc7/build/Graphics/GL/IBM/CullVertex.o )
[111 of 573] Compiling Graphics.GL.IBM.RasterposClip ( src/Graphics/GL/IBM/RasterposClip.hs, dist/dist-sandbox-b0155bc7/build/Graphics/GL/IBM/RasterposClip.o )
[112 of 573] Compiling Graphics.GL.IBM.TextureMirroredRepeat ( src/Graphics/GL/IBM/TextureMirroredRepeat.hs, dist/dist-sandbox-b0155bc7/build/Graphics/GL/IBM/TextureMirroredRepeat.o )
[113 of 573] Compiling Graphics.GL.INGR.ColorClamp ( src/Graphics/GL/INGR/ColorClamp.hs, dist/dist-sandbox-b0155bc7/build/Graphics/GL/INGR/ColorClamp.o )
[114 of 573] Compiling Graphics.GL.INGR.InterlaceRead ( src/Graphics/GL/INGR/InterlaceRead.hs, dist/dist-sandbox-b0155bc7/build/Graphics/GL/INGR/InterlaceRead.o )
[115 of 573] Compiling Graphics.GL.INTEL.ConservativeRasterization ( src/Graphics/GL/INTEL/ConservativeRasterization.hs, dist/dist-sandbox-b0155bc7/build/Graphics/GL/INTEL/ConservativeRasterization.o )
[116 of 573] Compiling Graphics.GL.KHR.BlendEquationAdvancedCoherent ( src/Graphics/GL/KHR/BlendEquationAdvancedCoherent.hs, dist/dist-sandbox-b0155bc7/build/Graphics/GL/KHR/BlendEquationAdvancedCoherent.o )
[117 of 573] Compiling Graphics.GL.KHR.ContextFlushControl ( src/Graphics/GL/KHR/ContextFlushControl.hs, dist/dist-sandbox-b0155bc7/build/Graphics/GL/KHR/ContextFlushControl.o )
[118 of 573] Compiling Graphics.GL.KHR.NoError ( src/Graphics/GL/KHR/NoError.hs, dist/dist-sandbox-b0155bc7/build/Graphics/GL/KHR/NoError.o )
[119 of 573] Compiling Graphics.GL.KHR.TextureCompressionASTCHDR ( src/Graphics/GL/KHR/TextureCompressionASTCHDR.hs, dist/dist-sandbox-b0155bc7/build/Graphics/GL/KHR/TextureCompressionASTCHDR.o )
[120 of 573] Compiling Graphics.GL.KHR.TextureCompressionASTCLDR ( src/Graphics/GL/KHR/TextureCompressionASTCLDR.hs, dist/dist-sandbox-b0155bc7/build/Graphics/GL/KHR/TextureCompressionASTCLDR.o )
[121 of 573] Compiling Graphics.GL.MESA.PackInvert ( src/Graphics/GL/MESA/PackInvert.hs, dist/dist-sandbox-b0155bc7/build/Graphics/GL/MESA/PackInvert.o )
[122 of 573] Compiling Graphics.GL.MESA.YCbCrTexture ( src/Graphics/GL/MESA/YCbCrTexture.hs, dist/dist-sandbox-b0155bc7/build/Graphics/GL/MESA/YCbCrTexture.o )
[123 of 573] Compiling Graphics.GL.MESAX.TextureStack ( src/Graphics/GL/MESAX/TextureStack.hs, dist/dist-sandbox-b0155bc7/build/Graphics/GL/MESAX/TextureStack.o )
[124 of 573] Compiling Graphics.GL.MESAX ( src/Graphics/GL/MESAX.hs, dist/dist-sandbox-b0155bc7/build/Graphics/GL/MESAX.o )
[125 of 573] Compiling Graphics.GL.NV.BlendEquationAdvancedCoherent ( src/Graphics/GL/NV/BlendEquationAdvancedCoherent.hs, dist/dist-sandbox-b0155bc7/build/Graphics/GL/NV/BlendEquationAdvancedCoherent.o )
[126 of 573] Compiling Graphics.GL.NV.ComputeProgram5 ( src/Graphics/GL/NV/ComputeProgram5.hs, dist/dist-sandbox-b0155bc7/build/Graphics/GL/NV/ComputeProgram5.o )
[127 of 573] Compiling Graphics.GL.NV.CopyDepthToColor ( src/Graphics/GL/NV/CopyDepthToColor.hs, dist/dist-sandbox-b0155bc7/build/Graphics/GL/NV/CopyDepthToColor.o )
[128 of 573] Compiling Graphics.GL.NV.DeepTexture3D ( src/Graphics/GL/NV/DeepTexture3D.hs, dist/dist-sandbox-b0155bc7/build/Graphics/GL/NV/DeepTexture3D.o )
[129 of 573] Compiling Graphics.GL.NV.DepthClamp ( src/Graphics/GL/NV/DepthClamp.hs, dist/dist-sandbox-b0155bc7/build/Graphics/GL/NV/DepthClamp.o )
[130 of 573] Compiling Graphics.GL.NV.FillRectangle ( src/Graphics/GL/NV/FillRectangle.hs, dist/dist-sandbox-b0155bc7/build/Graphics/GL/NV/FillRectangle.o )
[131 of 573] Compiling Graphics.GL.NV.FloatBuffer ( src/Graphics/GL/NV/FloatBuffer.hs, dist/dist-sandbox-b0155bc7/build/Graphics/GL/NV/FloatBuffer.o )
[132 of 573] Compiling Graphics.GL.NV.FogDistance ( src/Graphics/GL/NV/FogDistance.hs, dist/dist-sandbox-b0155bc7/build/Graphics/GL/NV/FogDistance.o )
[133 of 573] Compiling Graphics.GL.NV.FragmentProgram2 ( src/Graphics/GL/NV/FragmentProgram2.hs, dist/dist-sandbox-b0155bc7/build/Graphics/GL/NV/FragmentProgram2.o )
[134 of 573] Compiling Graphics.GL.NV.LightMaxExponent ( src/Graphics/GL/NV/LightMaxExponent.hs, dist/dist-sandbox-b0155bc7/build/Graphics/GL/NV/LightMaxExponent.o )
[135 of 573] Compiling Graphics.GL.NV.MultisampleCoverage ( src/Graphics/GL/NV/MultisampleCoverage.hs, dist/dist-sandbox-b0155bc7/build/Graphics/GL/NV/MultisampleCoverage.o )
[136 of 573] Compiling Graphics.GL.NV.MultisampleFilterHint ( src/Graphics/GL/NV/MultisampleFilterHint.hs, dist/dist-sandbox-b0155bc7/build/Graphics/GL/NV/MultisampleFilterHint.o )
[137 of 573] Compiling Graphics.GL.NV.PackedDepthStencil ( src/Graphics/GL/NV/PackedDepthStencil.hs, dist/dist-sandbox-b0155bc7/build/Graphics/GL/NV/PackedDepthStencil.o )
[138 of 573] Compiling Graphics.GL.NV.PathRenderingSharedEdge ( src/Graphics/GL/NV/PathRenderingSharedEdge.hs, dist/dist-sandbox-b0155bc7/build/Graphics/GL/NV/PathRenderingSharedEdge.o )
[139 of 573] Compiling Graphics.GL.NV.RobustnessVideoMemoryPurge ( src/Graphics/GL/NV/RobustnessVideoMemoryPurge.hs, dist/dist-sandbox-b0155bc7/build/Graphics/GL/NV/RobustnessVideoMemoryPurge.o )
[140 of 573] Compiling Graphics.GL.NV.ShaderBufferStore ( src/Graphics/GL/NV/ShaderBufferStore.hs, dist/dist-sandbox-b0155bc7/build/Graphics/GL/NV/ShaderBufferStore.o )
[141 of 573] Compiling Graphics.GL.NV.ShaderThreadGroup ( src/Graphics/GL/NV/ShaderThreadGroup.hs, dist/dist-sandbox-b0155bc7/build/Graphics/GL/NV/ShaderThreadGroup.o )
[142 of 573] Compiling Graphics.GL.NV.TessellationProgram5 ( src/Graphics/GL/NV/TessellationProgram5.hs, dist/dist-sandbox-b0155bc7/build/Graphics/GL/NV/TessellationProgram5.o )
[143 of 573] Compiling Graphics.GL.NV.TexgenEmboss ( src/Graphics/GL/NV/TexgenEmboss.hs, dist/dist-sandbox-b0155bc7/build/Graphics/GL/NV/TexgenEmboss.o )
[144 of 573] Compiling Graphics.GL.NV.TexgenReflection ( src/Graphics/GL/NV/TexgenReflection.hs, dist/dist-sandbox-b0155bc7/build/Graphics/GL/NV/TexgenReflection.o )
[145 of 573] Compiling Graphics.GL.NV.TextureEnvCombine4 ( src/Graphics/GL/NV/TextureEnvCombine4.hs, dist/dist-sandbox-b0155bc7/build/Graphics/GL/NV/TextureEnvCombine4.o )
[146 of 573] Compiling Graphics.GL.NV.TextureExpandNormal ( src/Graphics/GL/NV/TextureExpandNormal.hs, dist/dist-sandbox-b0155bc7/build/Graphics/GL/NV/TextureExpandNormal.o )
[147 of 573] Compiling Graphics.GL.NV.TextureRectangle ( src/Graphics/GL/NV/TextureRectangle.hs, dist/dist-sandbox-b0155bc7/build/Graphics/GL/NV/TextureRectangle.o )
[148 of 573] Compiling Graphics.GL.NV.TextureShader ( src/Graphics/GL/NV/TextureShader.hs, dist/dist-sandbox-b0155bc7/build/Graphics/GL/NV/TextureShader.o )
[149 of 573] Compiling Graphics.GL.NV.TextureShader2 ( src/Graphics/GL/NV/TextureShader2.hs, dist/dist-sandbox-b0155bc7/build/Graphics/GL/NV/TextureShader2.o )
[150 of 573] Compiling Graphics.GL.NV.TextureShader3 ( src/Graphics/GL/NV/TextureShader3.hs, dist/dist-sandbox-b0155bc7/build/Graphics/GL/NV/TextureShader3.o )
[151 of 573] Compiling Graphics.GL.NV.UniformBufferUnifiedMemory ( src/Graphics/GL/NV/UniformBufferUnifiedMemory.hs, dist/dist-sandbox-b0155bc7/build/Graphics/GL/NV/UniformBufferUnifiedMemory.o )
[152 of 573] Compiling Graphics.GL.NV.VertexArrayRange2 ( src/Graphics/GL/NV/VertexArrayRange2.hs, dist/dist-sandbox-b0155bc7/build/Graphics/GL/NV/VertexArrayRange2.o )
[153 of 573] Compiling Graphics.GL.NV.VertexProgram2Option ( src/Graphics/GL/NV/VertexProgram2Option.hs, dist/dist-sandbox-b0155bc7/build/Graphics/GL/NV/VertexProgram2Option.o )
[154 of 573] Compiling Graphics.GL.NV.VertexProgram3 ( src/Graphics/GL/NV/VertexProgram3.hs, dist/dist-sandbox-b0155bc7/build/Graphics/GL/NV/VertexProgram3.o )
[155 of 573] Compiling Graphics.GL.NVX.GPUMemoryInfo ( src/Graphics/GL/NVX/GPUMemoryInfo.hs, dist/dist-sandbox-b0155bc7/build/Graphics/GL/NVX/GPUMemoryInfo.o )
[156 of 573] Compiling Graphics.GL.OES.CompressedPalettedTexture ( src/Graphics/GL/OES/CompressedPalettedTexture.hs, dist/dist-sandbox-b0155bc7/build/Graphics/GL/OES/CompressedPalettedTexture.o )
[157 of 573] Compiling Graphics.GL.OES.ReadFormat ( src/Graphics/GL/OES/ReadFormat.hs, dist/dist-sandbox-b0155bc7/build/Graphics/GL/OES/ReadFormat.o )
[158 of 573] Compiling Graphics.GL.OML.Interlace ( src/Graphics/GL/OML/Interlace.hs, dist/dist-sandbox-b0155bc7/build/Graphics/GL/OML/Interlace.o )
[159 of 573] Compiling Graphics.GL.OML.Resample ( src/Graphics/GL/OML/Resample.hs, dist/dist-sandbox-b0155bc7/build/Graphics/GL/OML/Resample.o )
[160 of 573] Compiling Graphics.GL.OML.Subsample ( src/Graphics/GL/OML/Subsample.hs, dist/dist-sandbox-b0155bc7/build/Graphics/GL/OML/Subsample.o )
[161 of 573] Compiling Graphics.GL.OML  ( src/Graphics/GL/OML.hs, dist/dist-sandbox-b0155bc7/build/Graphics/GL/OML.o )
[162 of 573] Compiling Graphics.GL.PGI.VertexHints ( src/Graphics/GL/PGI/VertexHints.hs, dist/dist-sandbox-b0155bc7/build/Graphics/GL/PGI/VertexHints.o )
[163 of 573] Compiling Graphics.GL.REND.ScreenCoordinates ( src/Graphics/GL/REND/ScreenCoordinates.hs, dist/dist-sandbox-b0155bc7/build/Graphics/GL/REND/ScreenCoordinates.o )
[164 of 573] Compiling Graphics.GL.REND ( src/Graphics/GL/REND.hs, dist/dist-sandbox-b0155bc7/build/Graphics/GL/REND.o )
[165 of 573] Compiling Graphics.GL.S3.S3TC ( src/Graphics/GL/S3/S3TC.hs, dist/dist-sandbox-b0155bc7/build/Graphics/GL/S3/S3TC.o )
[166 of 573] Compiling Graphics.GL.S3   ( src/Graphics/GL/S3.hs, dist/dist-sandbox-b0155bc7/build/Graphics/GL/S3.o )
[167 of 573] Compiling Graphics.GL.SGI.ColorMatrix ( src/Graphics/GL/SGI/ColorMatrix.hs, dist/dist-sandbox-b0155bc7/build/Graphics/GL/SGI/ColorMatrix.o )
[168 of 573] Compiling Graphics.GL.SGI.TextureColorTable ( src/Graphics/GL/SGI/TextureColorTable.hs, dist/dist-sandbox-b0155bc7/build/Graphics/GL/SGI/TextureColorTable.o )
[169 of 573] Compiling Graphics.GL.SGIS.GenerateMipmap ( src/Graphics/GL/SGIS/GenerateMipmap.hs, dist/dist-sandbox-b0155bc7/build/Graphics/GL/SGIS/GenerateMipmap.o )
[170 of 573] Compiling Graphics.GL.SGIS.PointLineTexgen ( src/Graphics/GL/SGIS/PointLineTexgen.hs, dist/dist-sandbox-b0155bc7/build/Graphics/GL/SGIS/PointLineTexgen.o )
[171 of 573] Compiling Graphics.GL.SGIS.TextureBorderClamp ( src/Graphics/GL/SGIS/TextureBorderClamp.hs, dist/dist-sandbox-b0155bc7/build/Graphics/GL/SGIS/TextureBorderClamp.o )
[172 of 573] Compiling Graphics.GL.SGIS.TextureEdgeClamp ( src/Graphics/GL/SGIS/TextureEdgeClamp.hs, dist/dist-sandbox-b0155bc7/build/Graphics/GL/SGIS/TextureEdgeClamp.o )
[173 of 573] Compiling Graphics.GL.SGIS.TextureLOD ( src/Graphics/GL/SGIS/TextureLOD.hs, dist/dist-sandbox-b0155bc7/build/Graphics/GL/SGIS/TextureLOD.o )
[174 of 573] Compiling Graphics.GL.SGIS.TextureSelect ( src/Graphics/GL/SGIS/TextureSelect.hs, dist/dist-sandbox-b0155bc7/build/Graphics/GL/SGIS/TextureSelect.o )
[175 of 573] Compiling Graphics.GL.SGIX.AsyncHistogram ( src/Graphics/GL/SGIX/AsyncHistogram.hs, dist/dist-sandbox-b0155bc7/build/Graphics/GL/SGIX/AsyncHistogram.o )
[176 of 573] Compiling Graphics.GL.SGIX.AsyncPixel ( src/Graphics/GL/SGIX/AsyncPixel.hs, dist/dist-sandbox-b0155bc7/build/Graphics/GL/SGIX/AsyncPixel.o )
[177 of 573] Compiling Graphics.GL.SGIX.BlendAlphaMinmax ( src/Graphics/GL/SGIX/BlendAlphaMinmax.hs, dist/dist-sandbox-b0155bc7/build/Graphics/GL/SGIX/BlendAlphaMinmax.o )
[178 of 573] Compiling Graphics.GL.SGIX.CalligraphicFragment ( src/Graphics/GL/SGIX/CalligraphicFragment.hs, dist/dist-sandbox-b0155bc7/build/Graphics/GL/SGIX/CalligraphicFragment.o )
[179 of 573] Compiling Graphics.GL.SGIX.Clipmap ( src/Graphics/GL/SGIX/Clipmap.hs, dist/dist-sandbox-b0155bc7/build/Graphics/GL/SGIX/Clipmap.o )
[180 of 573] Compiling Graphics.GL.SGIX.ConvolutionAccuracy ( src/Graphics/GL/SGIX/ConvolutionAccuracy.hs, dist/dist-sandbox-b0155bc7/build/Graphics/GL/SGIX/ConvolutionAccuracy.o )
[181 of 573] Compiling Graphics.GL.SGIX.DepthTexture ( src/Graphics/GL/SGIX/DepthTexture.hs, dist/dist-sandbox-b0155bc7/build/Graphics/GL/SGIX/DepthTexture.o )
[182 of 573] Compiling Graphics.GL.SGIX.FogOffset ( src/Graphics/GL/SGIX/FogOffset.hs, dist/dist-sandbox-b0155bc7/build/Graphics/GL/SGIX/FogOffset.o )
[183 of 573] Compiling Graphics.GL.SGIX.Interlace ( src/Graphics/GL/SGIX/Interlace.hs, dist/dist-sandbox-b0155bc7/build/Graphics/GL/SGIX/Interlace.o )
[184 of 573] Compiling Graphics.GL.SGIX.IrInstrument1 ( src/Graphics/GL/SGIX/IrInstrument1.hs, dist/dist-sandbox-b0155bc7/build/Graphics/GL/SGIX/IrInstrument1.o )
[185 of 573] Compiling Graphics.GL.SGIX.PixelTiles ( src/Graphics/GL/SGIX/PixelTiles.hs, dist/dist-sandbox-b0155bc7/build/Graphics/GL/SGIX/PixelTiles.o )
[186 of 573] Compiling Graphics.GL.SGIX.Resample ( src/Graphics/GL/SGIX/Resample.hs, dist/dist-sandbox-b0155bc7/build/Graphics/GL/SGIX/Resample.o )
[187 of 573] Compiling Graphics.GL.SGIX.ScalebiasHint ( src/Graphics/GL/SGIX/ScalebiasHint.hs, dist/dist-sandbox-b0155bc7/build/Graphics/GL/SGIX/ScalebiasHint.o )
[188 of 573] Compiling Graphics.GL.SGIX.Shadow ( src/Graphics/GL/SGIX/Shadow.hs, dist/dist-sandbox-b0155bc7/build/Graphics/GL/SGIX/Shadow.o )
[189 of 573] Compiling Graphics.GL.SGIX.ShadowAmbient ( src/Graphics/GL/SGIX/ShadowAmbient.hs, dist/dist-sandbox-b0155bc7/build/Graphics/GL/SGIX/ShadowAmbient.o )
[190 of 573] Compiling Graphics.GL.SGIX.Subsample ( src/Graphics/GL/SGIX/Subsample.hs, dist/dist-sandbox-b0155bc7/build/Graphics/GL/SGIX/Subsample.o )
[191 of 573] Compiling Graphics.GL.SGIX.TextureAddEnv ( src/Graphics/GL/SGIX/TextureAddEnv.hs, dist/dist-sandbox-b0155bc7/build/Graphics/GL/SGIX/TextureAddEnv.o )
[192 of 573] Compiling Graphics.GL.SGIX.TextureCoordinateClamp ( src/Graphics/GL/SGIX/TextureCoordinateClamp.hs, dist/dist-sandbox-b0155bc7/build/Graphics/GL/SGIX/TextureCoordinateClamp.o )
[193 of 573] Compiling Graphics.GL.SGIX.TextureLODBias ( src/Graphics/GL/SGIX/TextureLODBias.hs, dist/dist-sandbox-b0155bc7/build/Graphics/GL/SGIX/TextureLODBias.o )
[194 of 573] Compiling Graphics.GL.SGIX.TextureMultiBuffer ( src/Graphics/GL/SGIX/TextureMultiBuffer.hs, dist/dist-sandbox-b0155bc7/build/Graphics/GL/SGIX/TextureMultiBuffer.o )
[195 of 573] Compiling Graphics.GL.SGIX.TextureScaleBias ( src/Graphics/GL/SGIX/TextureScaleBias.hs, dist/dist-sandbox-b0155bc7/build/Graphics/GL/SGIX/TextureScaleBias.o )
[196 of 573] Compiling Graphics.GL.SGIX.VertexPreclip ( src/Graphics/GL/SGIX/VertexPreclip.hs, dist/dist-sandbox-b0155bc7/build/Graphics/GL/SGIX/VertexPreclip.o )
[197 of 573] Compiling Graphics.GL.SGIX.YCrCb ( src/Graphics/GL/SGIX/YCrCb.hs, dist/dist-sandbox-b0155bc7/build/Graphics/GL/SGIX/YCrCb.o )
[198 of 573] Compiling Graphics.GL.SGIX.YCrCbA ( src/Graphics/GL/SGIX/YCrCbA.hs, dist/dist-sandbox-b0155bc7/build/Graphics/GL/SGIX/YCrCbA.o )
[199 of 573] Compiling Graphics.GL.SUN.ConvolutionBorderModes ( src/Graphics/GL/SUN/ConvolutionBorderModes.hs, dist/dist-sandbox-b0155bc7/build/Graphics/GL/SUN/ConvolutionBorderModes.o )
[200 of 573] Compiling Graphics.GL.SUN.SliceAccum ( src/Graphics/GL/SUN/SliceAccum.hs, dist/dist-sandbox-b0155bc7/build/Graphics/GL/SUN/SliceAccum.o )
[201 of 573] Compiling Graphics.GL.ThreeDFX.Multisample ( src/Graphics/GL/ThreeDFX/Multisample.hs, dist/dist-sandbox-b0155bc7/build/Graphics/GL/ThreeDFX/Multisample.o )
[202 of 573] Compiling Graphics.GL.ThreeDFX.TextureCompressionFXT1 ( src/Graphics/GL/ThreeDFX/TextureCompressionFXT1.hs, dist/dist-sandbox-b0155bc7/build/Graphics/GL/ThreeDFX/TextureCompressionFXT1.o )
[203 of 573] Compiling Graphics.GL.WIN.PhongShading ( src/Graphics/GL/WIN/PhongShading.hs, dist/dist-sandbox-b0155bc7/build/Graphics/GL/WIN/PhongShading.o )
[204 of 573] Compiling Graphics.GL.WIN.SpecularFog ( src/Graphics/GL/WIN/SpecularFog.hs, dist/dist-sandbox-b0155bc7/build/Graphics/GL/WIN/SpecularFog.o )
[205 of 573] Compiling Graphics.GL.WIN  ( src/Graphics/GL/WIN.hs, dist/dist-sandbox-b0155bc7/build/Graphics/GL/WIN.o )
[206 of 573] Compiling Graphics.GL.Foreign ( src/Graphics/GL/Foreign.hs, dist/dist-sandbox-b0155bc7/build/Graphics/GL/Foreign.o )
[207 of 573] Compiling Graphics.GL.Functions.F01 ( src/Graphics/GL/Functions/F01.hs, dist/dist-sandbox-b0155bc7/build/Graphics/GL/Functions/F01.o )
[208 of 573] Compiling Graphics.GL.Functions.F02 ( src/Graphics/GL/Functions/F02.hs, dist/dist-sandbox-b0155bc7/build/Graphics/GL/Functions/F02.o )
[209 of 573] Compiling Graphics.GL.Functions.F03 ( src/Graphics/GL/Functions/F03.hs, dist/dist-sandbox-b0155bc7/build/Graphics/GL/Functions/F03.o )
[210 of 573] Compiling Graphics.GL.Functions.F04 ( src/Graphics/GL/Functions/F04.hs, dist/dist-sandbox-b0155bc7/build/Graphics/GL/Functions/F04.o )
[211 of 573] Compiling Graphics.GL.Functions.F05 ( src/Graphics/GL/Functions/F05.hs, dist/dist-sandbox-b0155bc7/build/Graphics/GL/Functions/F05.o )
[212 of 573] Compiling Graphics.GL.Functions.F06 ( src/Graphics/GL/Functions/F06.hs, dist/dist-sandbox-b0155bc7/build/Graphics/GL/Functions/F06.o )
[213 of 573] Compiling Graphics.GL.Functions.F07 ( src/Graphics/GL/Functions/F07.hs, dist/dist-sandbox-b0155bc7/build/Graphics/GL/Functions/F07.o )
[214 of 573] Compiling Graphics.GL.Functions.F08 ( src/Graphics/GL/Functions/F08.hs, dist/dist-sandbox-b0155bc7/build/Graphics/GL/Functions/F08.o )
[215 of 573] Compiling Graphics.GL.Functions.F09 ( src/Graphics/GL/Functions/F09.hs, dist/dist-sandbox-b0155bc7/build/Graphics/GL/Functions/F09.o )
[216 of 573] Compiling Graphics.GL.Functions.F10 ( src/Graphics/GL/Functions/F10.hs, dist/dist-sandbox-b0155bc7/build/Graphics/GL/Functions/F10.o )
[217 of 573] Compiling Graphics.GL.Functions.F11 ( src/Graphics/GL/Functions/F11.hs, dist/dist-sandbox-b0155bc7/build/Graphics/GL/Functions/F11.o )
[218 of 573] Compiling Graphics.GL.Functions.F12 ( src/Graphics/GL/Functions/F12.hs, dist/dist-sandbox-b0155bc7/build/Graphics/GL/Functions/F12.o )
[219 of 573] Compiling Graphics.GL.Functions.F13 ( src/Graphics/GL/Functions/F13.hs, dist/dist-sandbox-b0155bc7/build/Graphics/GL/Functions/F13.o )
[220 of 573] Compiling Graphics.GL.Functions.F14 ( src/Graphics/GL/Functions/F14.hs, dist/dist-sandbox-b0155bc7/build/Graphics/GL/Functions/F14.o )
[221 of 573] Compiling Graphics.GL.Functions.F15 ( src/Graphics/GL/Functions/F15.hs, dist/dist-sandbox-b0155bc7/build/Graphics/GL/Functions/F15.o )
[222 of 573] Compiling Graphics.GL.Functions.F16 ( src/Graphics/GL/Functions/F16.hs, dist/dist-sandbox-b0155bc7/build/Graphics/GL/Functions/F16.o )
[223 of 573] Compiling Graphics.GL.Functions.F17 ( src/Graphics/GL/Functions/F17.hs, dist/dist-sandbox-b0155bc7/build/Graphics/GL/Functions/F17.o )
[224 of 573] Compiling Graphics.GL.Functions.F18 ( src/Graphics/GL/Functions/F18.hs, dist/dist-sandbox-b0155bc7/build/Graphics/GL/Functions/F18.o )
[225 of 573] Compiling Graphics.GL.Functions.F19 ( src/Graphics/GL/Functions/F19.hs, dist/dist-sandbox-b0155bc7/build/Graphics/GL/Functions/F19.o )
[226 of 573] Compiling Graphics.GL.Functions.F20 ( src/Graphics/GL/Functions/F20.hs, dist/dist-sandbox-b0155bc7/build/Graphics/GL/Functions/F20.o )
[227 of 573] Compiling Graphics.GL.Functions.F21 ( src/Graphics/GL/Functions/F21.hs, dist/dist-sandbox-b0155bc7/build/Graphics/GL/Functions/F21.o )
[228 of 573] Compiling Graphics.GL.Functions.F22 ( src/Graphics/GL/Functions/F22.hs, dist/dist-sandbox-b0155bc7/build/Graphics/GL/Functions/F22.o )
[229 of 573] Compiling Graphics.GL.Functions.F23 ( src/Graphics/GL/Functions/F23.hs, dist/dist-sandbox-b0155bc7/build/Graphics/GL/Functions/F23.o )
[230 of 573] Compiling Graphics.GL.Functions.F24 ( src/Graphics/GL/Functions/F24.hs, dist/dist-sandbox-b0155bc7/build/Graphics/GL/Functions/F24.o )
[231 of 573] Compiling Graphics.GL.Functions.F25 ( src/Graphics/GL/Functions/F25.hs, dist/dist-sandbox-b0155bc7/build/Graphics/GL/Functions/F25.o )
[232 of 573] Compiling Graphics.GL.Functions.F26 ( src/Graphics/GL/Functions/F26.hs, dist/dist-sandbox-b0155bc7/build/Graphics/GL/Functions/F26.o )
[233 of 573] Compiling Graphics.GL.Functions.F27 ( src/Graphics/GL/Functions/F27.hs, dist/dist-sandbox-b0155bc7/build/Graphics/GL/Functions/F27.o )
[234 of 573] Compiling Graphics.GL.Functions.F28 ( src/Graphics/GL/Functions/F28.hs, dist/dist-sandbox-b0155bc7/build/Graphics/GL/Functions/F28.o )
[235 of 573] Compiling Graphics.GL.Functions.F29 ( src/Graphics/GL/Functions/F29.hs, dist/dist-sandbox-b0155bc7/build/Graphics/GL/Functions/F29.o )
[236 of 573] Compiling Graphics.GL.Functions.F30 ( src/Graphics/GL/Functions/F30.hs, dist/dist-sandbox-b0155bc7/build/Graphics/GL/Functions/F30.o )
[237 of 573] Compiling Graphics.GL.Functions.F31 ( src/Graphics/GL/Functions/F31.hs, dist/dist-sandbox-b0155bc7/build/Graphics/GL/Functions/F31.o )
[238 of 573] Compiling Graphics.GL.Functions.F32 ( src/Graphics/GL/Functions/F32.hs, dist/dist-sandbox-b0155bc7/build/Graphics/GL/Functions/F32.o )
[239 of 573] Compiling Graphics.GL.Functions ( src/Graphics/GL/Functions.hs, dist/dist-sandbox-b0155bc7/build/Graphics/GL/Functions.o )
[240 of 573] Compiling Graphics.GL.AMD.DebugOutput ( src/Graphics/GL/AMD/DebugOutput.hs, dist/dist-sandbox-b0155bc7/build/Graphics/GL/AMD/DebugOutput.o )
[241 of 573] Compiling Graphics.GL.AMD.DrawBuffersBlend ( src/Graphics/GL/AMD/DrawBuffersBlend.hs, dist/dist-sandbox-b0155bc7/build/Graphics/GL/AMD/DrawBuffersBlend.o )
[242 of 573] Compiling Graphics.GL.AMD.GPUShaderInt64 ( src/Graphics/GL/AMD/GPUShaderInt64.hs, dist/dist-sandbox-b0155bc7/build/Graphics/GL/AMD/GPUShaderInt64.o )
[243 of 573] Compiling Graphics.GL.AMD.InterleavedElements ( src/Graphics/GL/AMD/InterleavedElements.hs, dist/dist-sandbox-b0155bc7/build/Graphics/GL/AMD/InterleavedElements.o )
[244 of 573] Compiling Graphics.GL.AMD.MultiDrawIndirect ( src/Graphics/GL/AMD/MultiDrawIndirect.hs, dist/dist-sandbox-b0155bc7/build/Graphics/GL/AMD/MultiDrawIndirect.o )
[245 of 573] Compiling Graphics.GL.AMD.NameGenDelete ( src/Graphics/GL/AMD/NameGenDelete.hs, dist/dist-sandbox-b0155bc7/build/Graphics/GL/AMD/NameGenDelete.o )
[246 of 573] Compiling Graphics.GL.AMD.OcclusionQueryEvent ( src/Graphics/GL/AMD/OcclusionQueryEvent.hs, dist/dist-sandbox-b0155bc7/build/Graphics/GL/AMD/OcclusionQueryEvent.o )
[247 of 573] Compiling Graphics.GL.AMD.PerformanceMonitor ( src/Graphics/GL/AMD/PerformanceMonitor.hs, dist/dist-sandbox-b0155bc7/build/Graphics/GL/AMD/PerformanceMonitor.o )
[248 of 573] Compiling Graphics.GL.AMD.SamplePositions ( src/Graphics/GL/AMD/SamplePositions.hs, dist/dist-sandbox-b0155bc7/build/Graphics/GL/AMD/SamplePositions.o )
[249 of 573] Compiling Graphics.GL.AMD.SparseTexture ( src/Graphics/GL/AMD/SparseTexture.hs, dist/dist-sandbox-b0155bc7/build/Graphics/GL/AMD/SparseTexture.o )
[250 of 573] Compiling Graphics.GL.AMD.StencilOperationExtended ( src/Graphics/GL/AMD/StencilOperationExtended.hs, dist/dist-sandbox-b0155bc7/build/Graphics/GL/AMD/StencilOperationExtended.o )
[251 of 573] Compiling Graphics.GL.AMD.VertexShaderTessellator ( src/Graphics/GL/AMD/VertexShaderTessellator.hs, dist/dist-sandbox-b0155bc7/build/Graphics/GL/AMD/VertexShaderTessellator.o )
[252 of 573] Compiling Graphics.GL.AMD  ( src/Graphics/GL/AMD.hs, dist/dist-sandbox-b0155bc7/build/Graphics/GL/AMD.o )
[253 of 573] Compiling Graphics.GL.APPLE.ElementArray ( src/Graphics/GL/APPLE/ElementArray.hs, dist/dist-sandbox-b0155bc7/build/Graphics/GL/APPLE/ElementArray.o )
[254 of 573] Compiling Graphics.GL.APPLE.Fence ( src/Graphics/GL/APPLE/Fence.hs, dist/dist-sandbox-b0155bc7/build/Graphics/GL/APPLE/Fence.o )
[255 of 573] Compiling Graphics.GL.APPLE.FlushBufferRange ( src/Graphics/GL/APPLE/FlushBufferRange.hs, dist/dist-sandbox-b0155bc7/build/Graphics/GL/APPLE/FlushBufferRange.o )
[256 of 573] Compiling Graphics.GL.APPLE.ObjectPurgeable ( src/Graphics/GL/APPLE/ObjectPurgeable.hs, dist/dist-sandbox-b0155bc7/build/Graphics/GL/APPLE/ObjectPurgeable.o )
[257 of 573] Compiling Graphics.GL.APPLE.TextureRange ( src/Graphics/GL/APPLE/TextureRange.hs, dist/dist-sandbox-b0155bc7/build/Graphics/GL/APPLE/TextureRange.o )
[258 of 573] Compiling Graphics.GL.APPLE.VertexArrayObject ( src/Graphics/GL/APPLE/VertexArrayObject.hs, dist/dist-sandbox-b0155bc7/build/Graphics/GL/APPLE/VertexArrayObject.o )
[259 of 573] Compiling Graphics.GL.APPLE.VertexArrayRange ( src/Graphics/GL/APPLE/VertexArrayRange.hs, dist/dist-sandbox-b0155bc7/build/Graphics/GL/APPLE/VertexArrayRange.o )
[260 of 573] Compiling Graphics.GL.APPLE.VertexProgramEvaluators ( src/Graphics/GL/APPLE/VertexProgramEvaluators.hs, dist/dist-sandbox-b0155bc7/build/Graphics/GL/APPLE/VertexProgramEvaluators.o )
[261 of 573] Compiling Graphics.GL.APPLE ( src/Graphics/GL/APPLE.hs, dist/dist-sandbox-b0155bc7/build/Graphics/GL/APPLE.o )
[262 of 573] Compiling Graphics.GL.ARB.BaseInstance ( src/Graphics/GL/ARB/BaseInstance.hs, dist/dist-sandbox-b0155bc7/build/Graphics/GL/ARB/BaseInstance.o )
[263 of 573] Compiling Graphics.GL.ARB.BindlessTexture ( src/Graphics/GL/ARB/BindlessTexture.hs, dist/dist-sandbox-b0155bc7/build/Graphics/GL/ARB/BindlessTexture.o )
[264 of 573] Compiling Graphics.GL.ARB.BlendFuncExtended ( src/Graphics/GL/ARB/BlendFuncExtended.hs, dist/dist-sandbox-b0155bc7/build/Graphics/GL/ARB/BlendFuncExtended.o )
[265 of 573] Compiling Graphics.GL.ARB.BufferStorage ( src/Graphics/GL/ARB/BufferStorage.hs, dist/dist-sandbox-b0155bc7/build/Graphics/GL/ARB/BufferStorage.o )
[266 of 573] Compiling Graphics.GL.ARB.CLEvent ( src/Graphics/GL/ARB/CLEvent.hs, dist/dist-sandbox-b0155bc7/build/Graphics/GL/ARB/CLEvent.o )
[267 of 573] Compiling Graphics.GL.ARB.ClearBufferObject ( src/Graphics/GL/ARB/ClearBufferObject.hs, dist/dist-sandbox-b0155bc7/build/Graphics/GL/ARB/ClearBufferObject.o )
[268 of 573] Compiling Graphics.GL.ARB.ClearTexture ( src/Graphics/GL/ARB/ClearTexture.hs, dist/dist-sandbox-b0155bc7/build/Graphics/GL/ARB/ClearTexture.o )
[269 of 573] Compiling Graphics.GL.ARB.ClipControl ( src/Graphics/GL/ARB/ClipControl.hs, dist/dist-sandbox-b0155bc7/build/Graphics/GL/ARB/ClipControl.o )
[270 of 573] Compiling Graphics.GL.ARB.ColorBufferFloat ( src/Graphics/GL/ARB/ColorBufferFloat.hs, dist/dist-sandbox-b0155bc7/build/Graphics/GL/ARB/ColorBufferFloat.o )
[271 of 573] Compiling Graphics.GL.ARB.ComputeShader ( src/Graphics/GL/ARB/ComputeShader.hs, dist/dist-sandbox-b0155bc7/build/Graphics/GL/ARB/ComputeShader.o )
[272 of 573] Compiling Graphics.GL.ARB.ComputeVariableGroupSize ( src/Graphics/GL/ARB/ComputeVariableGroupSize.hs, dist/dist-sandbox-b0155bc7/build/Graphics/GL/ARB/ComputeVariableGroupSize.o )
[273 of 573] Compiling Graphics.GL.ARB.CopyBuffer ( src/Graphics/GL/ARB/CopyBuffer.hs, dist/dist-sandbox-b0155bc7/build/Graphics/GL/ARB/CopyBuffer.o )
[274 of 573] Compiling Graphics.GL.ARB.CopyImage ( src/Graphics/GL/ARB/CopyImage.hs, dist/dist-sandbox-b0155bc7/build/Graphics/GL/ARB/CopyImage.o )
[275 of 573] Compiling Graphics.GL.ARB.DebugOutput ( src/Graphics/GL/ARB/DebugOutput.hs, dist/dist-sandbox-b0155bc7/build/Graphics/GL/ARB/DebugOutput.o )
[276 of 573] Compiling Graphics.GL.ARB.DirectStateAccess ( src/Graphics/GL/ARB/DirectStateAccess.hs, dist/dist-sandbox-b0155bc7/build/Graphics/GL/ARB/DirectStateAccess.o )
[277 of 573] Compiling Graphics.GL.ARB.DrawBuffers ( src/Graphics/GL/ARB/DrawBuffers.hs, dist/dist-sandbox-b0155bc7/build/Graphics/GL/ARB/DrawBuffers.o )
[278 of 573] Compiling Graphics.GL.ARB.DrawBuffersBlend ( src/Graphics/GL/ARB/DrawBuffersBlend.hs, dist/dist-sandbox-b0155bc7/build/Graphics/GL/ARB/DrawBuffersBlend.o )
[279 of 573] Compiling Graphics.GL.ARB.DrawElementsBaseVertex ( src/Graphics/GL/ARB/DrawElementsBaseVertex.hs, dist/dist-sandbox-b0155bc7/build/Graphics/GL/ARB/DrawElementsBaseVertex.o )
[280 of 573] Compiling Graphics.GL.ARB.DrawIndirect ( src/Graphics/GL/ARB/DrawIndirect.hs, dist/dist-sandbox-b0155bc7/build/Graphics/GL/ARB/DrawIndirect.o )
[281 of 573] Compiling Graphics.GL.ARB.DrawInstanced ( src/Graphics/GL/ARB/DrawInstanced.hs, dist/dist-sandbox-b0155bc7/build/Graphics/GL/ARB/DrawInstanced.o )
[282 of 573] Compiling Graphics.GL.ARB.ES2Compatibility ( src/Graphics/GL/ARB/ES2Compatibility.hs, dist/dist-sandbox-b0155bc7/build/Graphics/GL/ARB/ES2Compatibility.o )
[283 of 573] Compiling Graphics.GL.ARB.ES31Compatibility ( src/Graphics/GL/ARB/ES31Compatibility.hs, dist/dist-sandbox-b0155bc7/build/Graphics/GL/ARB/ES31Compatibility.o )
[284 of 573] Compiling Graphics.GL.ARB.ES32Compatibility ( src/Graphics/GL/ARB/ES32Compatibility.hs, dist/dist-sandbox-b0155bc7/build/Graphics/GL/ARB/ES32Compatibility.o )
[285 of 573] Compiling Graphics.GL.ARB.FragmentProgram ( src/Graphics/GL/ARB/FragmentProgram.hs, dist/dist-sandbox-b0155bc7/build/Graphics/GL/ARB/FragmentProgram.o )
[286 of 573] Compiling Graphics.GL.ARB.FramebufferNoAttachments ( src/Graphics/GL/ARB/FramebufferNoAttachments.hs, dist/dist-sandbox-b0155bc7/build/Graphics/GL/ARB/FramebufferNoAttachments.o )
[287 of 573] Compiling Graphics.GL.ARB.FramebufferObjectCompatibility ( src/Graphics/GL/ARB/FramebufferObjectCompatibility.hs, dist/dist-sandbox-b0155bc7/build/Graphics/GL/ARB/FramebufferObjectCompatibility.o )
[288 of 573] Compiling Graphics.GL.ARB.FramebufferObjectCore ( src/Graphics/GL/ARB/FramebufferObjectCore.hs, dist/dist-sandbox-b0155bc7/build/Graphics/GL/ARB/FramebufferObjectCore.o )
[289 of 573] Compiling Graphics.GL.ARB.GPUShaderFP64 ( src/Graphics/GL/ARB/GPUShaderFP64.hs, dist/dist-sandbox-b0155bc7/build/Graphics/GL/ARB/GPUShaderFP64.o )
[290 of 573] Compiling Graphics.GL.ARB.GPUShaderInt64 ( src/Graphics/GL/ARB/GPUShaderInt64.hs, dist/dist-sandbox-b0155bc7/build/Graphics/GL/ARB/GPUShaderInt64.o )
[291 of 573] Compiling Graphics.GL.ARB.GeometryShader4 ( src/Graphics/GL/ARB/GeometryShader4.hs, dist/dist-sandbox-b0155bc7/build/Graphics/GL/ARB/GeometryShader4.o )
[292 of 573] Compiling Graphics.GL.ARB.GetProgramBinary ( src/Graphics/GL/ARB/GetProgramBinary.hs, dist/dist-sandbox-b0155bc7/build/Graphics/GL/ARB/GetProgramBinary.o )
[293 of 573] Compiling Graphics.GL.ARB.GetTextureSubImage ( src/Graphics/GL/ARB/GetTextureSubImage.hs, dist/dist-sandbox-b0155bc7/build/Graphics/GL/ARB/GetTextureSubImage.o )
[294 of 573] Compiling Graphics.GL.ARB.ImagingCompatibility ( src/Graphics/GL/ARB/ImagingCompatibility.hs, dist/dist-sandbox-b0155bc7/build/Graphics/GL/ARB/ImagingCompatibility.o )
[295 of 573] Compiling Graphics.GL.ARB.ImagingCore ( src/Graphics/GL/ARB/ImagingCore.hs, dist/dist-sandbox-b0155bc7/build/Graphics/GL/ARB/ImagingCore.o )
[296 of 573] Compiling Graphics.GL.ARB.IndirectParameters ( src/Graphics/GL/ARB/IndirectParameters.hs, dist/dist-sandbox-b0155bc7/build/Graphics/GL/ARB/IndirectParameters.o )
[297 of 573] Compiling Graphics.GL.ARB.InstancedArrays ( src/Graphics/GL/ARB/InstancedArrays.hs, dist/dist-sandbox-b0155bc7/build/Graphics/GL/ARB/InstancedArrays.o )
[298 of 573] Compiling Graphics.GL.ARB.InternalformatQuery ( src/Graphics/GL/ARB/InternalformatQuery.hs, dist/dist-sandbox-b0155bc7/build/Graphics/GL/ARB/InternalformatQuery.o )
[299 of 573] Compiling Graphics.GL.ARB.InternalformatQuery2 ( src/Graphics/GL/ARB/InternalformatQuery2.hs, dist/dist-sandbox-b0155bc7/build/Graphics/GL/ARB/InternalformatQuery2.o )
[300 of 573] Compiling Graphics.GL.ARB.InvalidateSubdata ( src/Graphics/GL/ARB/InvalidateSubdata.hs, dist/dist-sandbox-b0155bc7/build/Graphics/GL/ARB/InvalidateSubdata.o )
[301 of 573] Compiling Graphics.GL.ARB.MapBufferRange ( src/Graphics/GL/ARB/MapBufferRange.hs, dist/dist-sandbox-b0155bc7/build/Graphics/GL/ARB/MapBufferRange.o )
[302 of 573] Compiling Graphics.GL.ARB.MatrixPalette ( src/Graphics/GL/ARB/MatrixPalette.hs, dist/dist-sandbox-b0155bc7/build/Graphics/GL/ARB/MatrixPalette.o )
[303 of 573] Compiling Graphics.GL.ARB.MultiBind ( src/Graphics/GL/ARB/MultiBind.hs, dist/dist-sandbox-b0155bc7/build/Graphics/GL/ARB/MultiBind.o )
[304 of 573] Compiling Graphics.GL.ARB.MultiDrawIndirect ( src/Graphics/GL/ARB/MultiDrawIndirect.hs, dist/dist-sandbox-b0155bc7/build/Graphics/GL/ARB/MultiDrawIndirect.o )
[305 of 573] Compiling Graphics.GL.ARB.Multisample ( src/Graphics/GL/ARB/Multisample.hs, dist/dist-sandbox-b0155bc7/build/Graphics/GL/ARB/Multisample.o )
[306 of 573] Compiling Graphics.GL.ARB.Multitexture ( src/Graphics/GL/ARB/Multitexture.hs, dist/dist-sandbox-b0155bc7/build/Graphics/GL/ARB/Multitexture.o )
[307 of 573] Compiling Graphics.GL.ARB.OcclusionQuery ( src/Graphics/GL/ARB/OcclusionQuery.hs, dist/dist-sandbox-b0155bc7/build/Graphics/GL/ARB/OcclusionQuery.o )
[308 of 573] Compiling Graphics.GL.ARB.ParallelShaderCompile ( src/Graphics/GL/ARB/ParallelShaderCompile.hs, dist/dist-sandbox-b0155bc7/build/Graphics/GL/ARB/ParallelShaderCompile.o )
[309 of 573] Compiling Graphics.GL.ARB.PointParameters ( src/Graphics/GL/ARB/PointParameters.hs, dist/dist-sandbox-b0155bc7/build/Graphics/GL/ARB/PointParameters.o )
[310 of 573] Compiling Graphics.GL.ARB.ProgramInterfaceQuery ( src/Graphics/GL/ARB/ProgramInterfaceQuery.hs, dist/dist-sandbox-b0155bc7/build/Graphics/GL/ARB/ProgramInterfaceQuery.o )
[311 of 573] Compiling Graphics.GL.ARB.ProvokingVertex ( src/Graphics/GL/ARB/ProvokingVertex.hs, dist/dist-sandbox-b0155bc7/build/Graphics/GL/ARB/ProvokingVertex.o )
[312 of 573] Compiling Graphics.GL.ARB.RobustnessCompatibility ( src/Graphics/GL/ARB/RobustnessCompatibility.hs, dist/dist-sandbox-b0155bc7/build/Graphics/GL/ARB/RobustnessCompatibility.o )
[313 of 573] Compiling Graphics.GL.ARB.RobustnessCore ( src/Graphics/GL/ARB/RobustnessCore.hs, dist/dist-sandbox-b0155bc7/build/Graphics/GL/ARB/RobustnessCore.o )
[314 of 573] Compiling Graphics.GL.ARB.SampleLocations ( src/Graphics/GL/ARB/SampleLocations.hs, dist/dist-sandbox-b0155bc7/build/Graphics/GL/ARB/SampleLocations.o )
[315 of 573] Compiling Graphics.GL.ARB.SampleShading ( src/Graphics/GL/ARB/SampleShading.hs, dist/dist-sandbox-b0155bc7/build/Graphics/GL/ARB/SampleShading.o )
[316 of 573] Compiling Graphics.GL.ARB.SamplerObjects ( src/Graphics/GL/ARB/SamplerObjects.hs, dist/dist-sandbox-b0155bc7/build/Graphics/GL/ARB/SamplerObjects.o )
[317 of 573] Compiling Graphics.GL.ARB.SeparateShaderObjects ( src/Graphics/GL/ARB/SeparateShaderObjects.hs, dist/dist-sandbox-b0155bc7/build/Graphics/GL/ARB/SeparateShaderObjects.o )
[318 of 573] Compiling Graphics.GL.ARB.ShaderAtomicCounters ( src/Graphics/GL/ARB/ShaderAtomicCounters.hs, dist/dist-sandbox-b0155bc7/build/Graphics/GL/ARB/ShaderAtomicCounters.o )
[319 of 573] Compiling Graphics.GL.ARB.ShaderImageLoadStore ( src/Graphics/GL/ARB/ShaderImageLoadStore.hs, dist/dist-sandbox-b0155bc7/build/Graphics/GL/ARB/ShaderImageLoadStore.o )
[320 of 573] Compiling Graphics.GL.ARB.ShaderObjects ( src/Graphics/GL/ARB/ShaderObjects.hs, dist/dist-sandbox-b0155bc7/build/Graphics/GL/ARB/ShaderObjects.o )
[321 of 573] Compiling Graphics.GL.ARB.ShaderStorageBufferObject ( src/Graphics/GL/ARB/ShaderStorageBufferObject.hs, dist/dist-sandbox-b0155bc7/build/Graphics/GL/ARB/ShaderStorageBufferObject.o )
[322 of 573] Compiling Graphics.GL.ARB.ShaderSubroutine ( src/Graphics/GL/ARB/ShaderSubroutine.hs, dist/dist-sandbox-b0155bc7/build/Graphics/GL/ARB/ShaderSubroutine.o )
[323 of 573] Compiling Graphics.GL.ARB.ShadingLanguageInclude ( src/Graphics/GL/ARB/ShadingLanguageInclude.hs, dist/dist-sandbox-b0155bc7/build/Graphics/GL/ARB/ShadingLanguageInclude.o )
[324 of 573] Compiling Graphics.GL.ARB.SparseBuffer ( src/Graphics/GL/ARB/SparseBuffer.hs, dist/dist-sandbox-b0155bc7/build/Graphics/GL/ARB/SparseBuffer.o )
[325 of 573] Compiling Graphics.GL.ARB.SparseTexture ( src/Graphics/GL/ARB/SparseTexture.hs, dist/dist-sandbox-b0155bc7/build/Graphics/GL/ARB/SparseTexture.o )
[326 of 573] Compiling Graphics.GL.ARB.Sync ( src/Graphics/GL/ARB/Sync.hs, dist/dist-sandbox-b0155bc7/build/Graphics/GL/ARB/Sync.o )
[327 of 573] Compiling Graphics.GL.ARB.TessellationShader ( src/Graphics/GL/ARB/TessellationShader.hs, dist/dist-sandbox-b0155bc7/build/Graphics/GL/ARB/TessellationShader.o )
[328 of 573] Compiling Graphics.GL.ARB.TextureBarrier ( src/Graphics/GL/ARB/TextureBarrier.hs, dist/dist-sandbox-b0155bc7/build/Graphics/GL/ARB/TextureBarrier.o )
[329 of 573] Compiling Graphics.GL.ARB.TextureBufferObject ( src/Graphics/GL/ARB/TextureBufferObject.hs, dist/dist-sandbox-b0155bc7/build/Graphics/GL/ARB/TextureBufferObject.o )
[330 of 573] Compiling Graphics.GL.ARB.TextureBufferRange ( src/Graphics/GL/ARB/TextureBufferRange.hs, dist/dist-sandbox-b0155bc7/build/Graphics/GL/ARB/TextureBufferRange.o )
[331 of 573] Compiling Graphics.GL.ARB.TextureCompression ( src/Graphics/GL/ARB/TextureCompression.hs, dist/dist-sandbox-b0155bc7/build/Graphics/GL/ARB/TextureCompression.o )
[332 of 573] Compiling Graphics.GL.ARB.TextureMultisample ( src/Graphics/GL/ARB/TextureMultisample.hs, dist/dist-sandbox-b0155bc7/build/Graphics/GL/ARB/TextureMultisample.o )
[333 of 573] Compiling Graphics.GL.ARB.TextureStorage ( src/Graphics/GL/ARB/TextureStorage.hs, dist/dist-sandbox-b0155bc7/build/Graphics/GL/ARB/TextureStorage.o )
[334 of 573] Compiling Graphics.GL.ARB.TextureStorageMultisample ( src/Graphics/GL/ARB/TextureStorageMultisample.hs, dist/dist-sandbox-b0155bc7/build/Graphics/GL/ARB/TextureStorageMultisample.o )
[335 of 573] Compiling Graphics.GL.ARB.TextureView ( src/Graphics/GL/ARB/TextureView.hs, dist/dist-sandbox-b0155bc7/build/Graphics/GL/ARB/TextureView.o )
[336 of 573] Compiling Graphics.GL.ARB.TimerQuery ( src/Graphics/GL/ARB/TimerQuery.hs, dist/dist-sandbox-b0155bc7/build/Graphics/GL/ARB/TimerQuery.o )
[337 of 573] Compiling Graphics.GL.ARB.TransformFeedback2 ( src/Graphics/GL/ARB/TransformFeedback2.hs, dist/dist-sandbox-b0155bc7/build/Graphics/GL/ARB/TransformFeedback2.o )
[338 of 573] Compiling Graphics.GL.ARB.TransformFeedback3 ( src/Graphics/GL/ARB/TransformFeedback3.hs, dist/dist-sandbox-b0155bc7/build/Graphics/GL/ARB/TransformFeedback3.o )
[339 of 573] Compiling Graphics.GL.ARB.TransformFeedbackInstanced ( src/Graphics/GL/ARB/TransformFeedbackInstanced.hs, dist/dist-sandbox-b0155bc7/build/Graphics/GL/ARB/TransformFeedbackInstanced.o )
[340 of 573] Compiling Graphics.GL.ARB.TransposeMatrix ( src/Graphics/GL/ARB/TransposeMatrix.hs, dist/dist-sandbox-b0155bc7/build/Graphics/GL/ARB/TransposeMatrix.o )
[341 of 573] Compiling Graphics.GL.ARB.UniformBufferObject ( src/Graphics/GL/ARB/UniformBufferObject.hs, dist/dist-sandbox-b0155bc7/build/Graphics/GL/ARB/UniformBufferObject.o )
[342 of 573] Compiling Graphics.GL.ARB.VertexArrayObject ( src/Graphics/GL/ARB/VertexArrayObject.hs, dist/dist-sandbox-b0155bc7/build/Graphics/GL/ARB/VertexArrayObject.o )
[343 of 573] Compiling Graphics.GL.ARB.VertexAttrib64Bit ( src/Graphics/GL/ARB/VertexAttrib64Bit.hs, dist/dist-sandbox-b0155bc7/build/Graphics/GL/ARB/VertexAttrib64Bit.o )
[344 of 573] Compiling Graphics.GL.ARB.VertexAttribBinding ( src/Graphics/GL/ARB/VertexAttribBinding.hs, dist/dist-sandbox-b0155bc7/build/Graphics/GL/ARB/VertexAttribBinding.o )
[345 of 573] Compiling Graphics.GL.ARB.VertexBlend ( src/Graphics/GL/ARB/VertexBlend.hs, dist/dist-sandbox-b0155bc7/build/Graphics/GL/ARB/VertexBlend.o )
[346 of 573] Compiling Graphics.GL.ARB.VertexBufferObject ( src/Graphics/GL/ARB/VertexBufferObject.hs, dist/dist-sandbox-b0155bc7/build/Graphics/GL/ARB/VertexBufferObject.o )
[347 of 573] Compiling Graphics.GL.ARB.VertexProgram ( src/Graphics/GL/ARB/VertexProgram.hs, dist/dist-sandbox-b0155bc7/build/Graphics/GL/ARB/VertexProgram.o )
[348 of 573] Compiling Graphics.GL.ARB.VertexShader ( src/Graphics/GL/ARB/VertexShader.hs, dist/dist-sandbox-b0155bc7/build/Graphics/GL/ARB/VertexShader.o )
[349 of 573] Compiling Graphics.GL.ARB.VertexType2101010RevCompatibility ( src/Graphics/GL/ARB/VertexType2101010RevCompatibility.hs, dist/dist-sandbox-b0155bc7/build/Graphics/GL/ARB/VertexType2101010RevCompatibility.o )
[350 of 573] Compiling Graphics.GL.ARB.VertexType2101010RevCore ( src/Graphics/GL/ARB/VertexType2101010RevCore.hs, dist/dist-sandbox-b0155bc7/build/Graphics/GL/ARB/VertexType2101010RevCore.o )
[351 of 573] Compiling Graphics.GL.ARB.ViewportArray ( src/Graphics/GL/ARB/ViewportArray.hs, dist/dist-sandbox-b0155bc7/build/Graphics/GL/ARB/ViewportArray.o )
[352 of 573] Compiling Graphics.GL.ARB.WindowPos ( src/Graphics/GL/ARB/WindowPos.hs, dist/dist-sandbox-b0155bc7/build/Graphics/GL/ARB/WindowPos.o )
[353 of 573] Compiling Graphics.GL.ARB  ( src/Graphics/GL/ARB.hs, dist/dist-sandbox-b0155bc7/build/Graphics/GL/ARB.o )
[354 of 573] Compiling Graphics.GL.ATI.DrawBuffers ( src/Graphics/GL/ATI/DrawBuffers.hs, dist/dist-sandbox-b0155bc7/build/Graphics/GL/ATI/DrawBuffers.o )
[355 of 573] Compiling Graphics.GL.ATI.ElementArray ( src/Graphics/GL/ATI/ElementArray.hs, dist/dist-sandbox-b0155bc7/build/Graphics/GL/ATI/ElementArray.o )
[356 of 573] Compiling Graphics.GL.ATI.EnvmapBumpmap ( src/Graphics/GL/ATI/EnvmapBumpmap.hs, dist/dist-sandbox-b0155bc7/build/Graphics/GL/ATI/EnvmapBumpmap.o )
[357 of 573] Compiling Graphics.GL.ATI.FragmentShader ( src/Graphics/GL/ATI/FragmentShader.hs, dist/dist-sandbox-b0155bc7/build/Graphics/GL/ATI/FragmentShader.o )
[358 of 573] Compiling Graphics.GL.ATI.MapObjectBuffer ( src/Graphics/GL/ATI/MapObjectBuffer.hs, dist/dist-sandbox-b0155bc7/build/Graphics/GL/ATI/MapObjectBuffer.o )
[359 of 573] Compiling Graphics.GL.ATI.PNTriangles ( src/Graphics/GL/ATI/PNTriangles.hs, dist/dist-sandbox-b0155bc7/build/Graphics/GL/ATI/PNTriangles.o )
[360 of 573] Compiling Graphics.GL.ATI.SeparateStencil ( src/Graphics/GL/ATI/SeparateStencil.hs, dist/dist-sandbox-b0155bc7/build/Graphics/GL/ATI/SeparateStencil.o )
[361 of 573] Compiling Graphics.GL.ATI.VertexArrayObject ( src/Graphics/GL/ATI/VertexArrayObject.hs, dist/dist-sandbox-b0155bc7/build/Graphics/GL/ATI/VertexArrayObject.o )
[362 of 573] Compiling Graphics.GL.ATI.VertexAttribArrayObject ( src/Graphics/GL/ATI/VertexAttribArrayObject.hs, dist/dist-sandbox-b0155bc7/build/Graphics/GL/ATI/VertexAttribArrayObject.o )
[363 of 573] Compiling Graphics.GL.ATI.VertexStreams ( src/Graphics/GL/ATI/VertexStreams.hs, dist/dist-sandbox-b0155bc7/build/Graphics/GL/ATI/VertexStreams.o )
[364 of 573] Compiling Graphics.GL.ATI  ( src/Graphics/GL/ATI.hs, dist/dist-sandbox-b0155bc7/build/Graphics/GL/ATI.o )
[365 of 573] Compiling Graphics.GL.Compatibility30 ( src/Graphics/GL/Compatibility30.hs, dist/dist-sandbox-b0155bc7/build/Graphics/GL/Compatibility30.o )
[366 of 573] Compiling Graphics.GL.Compatibility31 ( src/Graphics/GL/Compatibility31.hs, dist/dist-sandbox-b0155bc7/build/Graphics/GL/Compatibility31.o )
[367 of 573] Compiling Graphics.GL.Compatibility32 ( src/Graphics/GL/Compatibility32.hs, dist/dist-sandbox-b0155bc7/build/Graphics/GL/Compatibility32.o )
[368 of 573] Compiling Graphics.GL.Compatibility33 ( src/Graphics/GL/Compatibility33.hs, dist/dist-sandbox-b0155bc7/build/Graphics/GL/Compatibility33.o )
[369 of 573] Compiling Graphics.GL.Compatibility40 ( src/Graphics/GL/Compatibility40.hs, dist/dist-sandbox-b0155bc7/build/Graphics/GL/Compatibility40.o )
[370 of 573] Compiling Graphics.GL.Compatibility41 ( src/Graphics/GL/Compatibility41.hs, dist/dist-sandbox-b0155bc7/build/Graphics/GL/Compatibility41.o )
[371 of 573] Compiling Graphics.GL.Compatibility42 ( src/Graphics/GL/Compatibility42.hs, dist/dist-sandbox-b0155bc7/build/Graphics/GL/Compatibility42.o )
[372 of 573] Compiling Graphics.GL.Compatibility43 ( src/Graphics/GL/Compatibility43.hs, dist/dist-sandbox-b0155bc7/build/Graphics/GL/Compatibility43.o )
[373 of 573] Compiling Graphics.GL.Compatibility44 ( src/Graphics/GL/Compatibility44.hs, dist/dist-sandbox-b0155bc7/build/Graphics/GL/Compatibility44.o )
[374 of 573] Compiling Graphics.GL.Core30 ( src/Graphics/GL/Core30.hs, dist/dist-sandbox-b0155bc7/build/Graphics/GL/Core30.o )
[375 of 573] Compiling Graphics.GL.Core31 ( src/Graphics/GL/Core31.hs, dist/dist-sandbox-b0155bc7/build/Graphics/GL/Core31.o )
[376 of 573] Compiling Graphics.GL.Core32 ( src/Graphics/GL/Core32.hs, dist/dist-sandbox-b0155bc7/build/Graphics/GL/Core32.o )
[377 of 573] Compiling Graphics.GL.Core33 ( src/Graphics/GL/Core33.hs, dist/dist-sandbox-b0155bc7/build/Graphics/GL/Core33.o )
[378 of 573] Compiling Graphics.GL.Core40 ( src/Graphics/GL/Core40.hs, dist/dist-sandbox-b0155bc7/build/Graphics/GL/Core40.o )
[379 of 573] Compiling Graphics.GL.Core41 ( src/Graphics/GL/Core41.hs, dist/dist-sandbox-b0155bc7/build/Graphics/GL/Core41.o )
[380 of 573] Compiling Graphics.GL.Core42 ( src/Graphics/GL/Core42.hs, dist/dist-sandbox-b0155bc7/build/Graphics/GL/Core42.o )
[381 of 573] Compiling Graphics.GL.Core43 ( src/Graphics/GL/Core43.hs, dist/dist-sandbox-b0155bc7/build/Graphics/GL/Core43.o )
[382 of 573] Compiling Graphics.GL.Core44 ( src/Graphics/GL/Core44.hs, dist/dist-sandbox-b0155bc7/build/Graphics/GL/Core44.o )
[383 of 573] Compiling Graphics.GL.Core45 ( src/Graphics/GL/Core45.hs, dist/dist-sandbox-b0155bc7/build/Graphics/GL/Core45.o )
[384 of 573] Compiling Graphics.GL.EXT.BindableUniform ( src/Graphics/GL/EXT/BindableUniform.hs, dist/dist-sandbox-b0155bc7/build/Graphics/GL/EXT/BindableUniform.o )
[385 of 573] Compiling Graphics.GL.EXT.BlendColor ( src/Graphics/GL/EXT/BlendColor.hs, dist/dist-sandbox-b0155bc7/build/Graphics/GL/EXT/BlendColor.o )
[386 of 573] Compiling Graphics.GL.EXT.BlendEquationSeparate ( src/Graphics/GL/EXT/BlendEquationSeparate.hs, dist/dist-sandbox-b0155bc7/build/Graphics/GL/EXT/BlendEquationSeparate.o )
[387 of 573] Compiling Graphics.GL.EXT.BlendFuncSeparate ( src/Graphics/GL/EXT/BlendFuncSeparate.hs, dist/dist-sandbox-b0155bc7/build/Graphics/GL/EXT/BlendFuncSeparate.o )
[388 of 573] Compiling Graphics.GL.EXT.BlendMinmax ( src/Graphics/GL/EXT/BlendMinmax.hs, dist/dist-sandbox-b0155bc7/build/Graphics/GL/EXT/BlendMinmax.o )
[389 of 573] Compiling Graphics.GL.EXT.ColorSubtable ( src/Graphics/GL/EXT/ColorSubtable.hs, dist/dist-sandbox-b0155bc7/build/Graphics/GL/EXT/ColorSubtable.o )
[390 of 573] Compiling Graphics.GL.EXT.CompiledVertexArray ( src/Graphics/GL/EXT/CompiledVertexArray.hs, dist/dist-sandbox-b0155bc7/build/Graphics/GL/EXT/CompiledVertexArray.o )
[391 of 573] Compiling Graphics.GL.EXT.Convolution ( src/Graphics/GL/EXT/Convolution.hs, dist/dist-sandbox-b0155bc7/build/Graphics/GL/EXT/Convolution.o )
[392 of 573] Compiling Graphics.GL.EXT.CoordinateFrame ( src/Graphics/GL/EXT/CoordinateFrame.hs, dist/dist-sandbox-b0155bc7/build/Graphics/GL/EXT/CoordinateFrame.o )
[393 of 573] Compiling Graphics.GL.EXT.CopyTexture ( src/Graphics/GL/EXT/CopyTexture.hs, dist/dist-sandbox-b0155bc7/build/Graphics/GL/EXT/CopyTexture.o )
[394 of 573] Compiling Graphics.GL.EXT.CullVertex ( src/Graphics/GL/EXT/CullVertex.hs, dist/dist-sandbox-b0155bc7/build/Graphics/GL/EXT/CullVertex.o )
[395 of 573] Compiling Graphics.GL.EXT.DebugLabel ( src/Graphics/GL/EXT/DebugLabel.hs, dist/dist-sandbox-b0155bc7/build/Graphics/GL/EXT/DebugLabel.o )
[396 of 573] Compiling Graphics.GL.EXT.DebugMarker ( src/Graphics/GL/EXT/DebugMarker.hs, dist/dist-sandbox-b0155bc7/build/Graphics/GL/EXT/DebugMarker.o )
[397 of 573] Compiling Graphics.GL.EXT.DepthBoundsTest ( src/Graphics/GL/EXT/DepthBoundsTest.hs, dist/dist-sandbox-b0155bc7/build/Graphics/GL/EXT/DepthBoundsTest.o )
[398 of 573] Compiling Graphics.GL.EXT.DirectStateAccess ( src/Graphics/GL/EXT/DirectStateAccess.hs, dist/dist-sandbox-b0155bc7/build/Graphics/GL/EXT/DirectStateAccess.o )
[399 of 573] Compiling Graphics.GL.EXT.DrawBuffers2 ( src/Graphics/GL/EXT/DrawBuffers2.hs, dist/dist-sandbox-b0155bc7/build/Graphics/GL/EXT/DrawBuffers2.o )
[400 of 573] Compiling Graphics.GL.EXT.DrawInstanced ( src/Graphics/GL/EXT/DrawInstanced.hs, dist/dist-sandbox-b0155bc7/build/Graphics/GL/EXT/DrawInstanced.o )
[401 of 573] Compiling Graphics.GL.EXT.DrawRangeElements ( src/Graphics/GL/EXT/DrawRangeElements.hs, dist/dist-sandbox-b0155bc7/build/Graphics/GL/EXT/DrawRangeElements.o )
[402 of 573] Compiling Graphics.GL.EXT.FogCoord ( src/Graphics/GL/EXT/FogCoord.hs, dist/dist-sandbox-b0155bc7/build/Graphics/GL/EXT/FogCoord.o )
[403 of 573] Compiling Graphics.GL.EXT.FramebufferBlit ( src/Graphics/GL/EXT/FramebufferBlit.hs, dist/dist-sandbox-b0155bc7/build/Graphics/GL/EXT/FramebufferBlit.o )
[404 of 573] Compiling Graphics.GL.EXT.FramebufferMultisample ( src/Graphics/GL/EXT/FramebufferMultisample.hs, dist/dist-sandbox-b0155bc7/build/Graphics/GL/EXT/FramebufferMultisample.o )
[405 of 573] Compiling Graphics.GL.EXT.FramebufferObject ( src/Graphics/GL/EXT/FramebufferObject.hs, dist/dist-sandbox-b0155bc7/build/Graphics/GL/EXT/FramebufferObject.o )
[406 of 573] Compiling Graphics.GL.EXT.GPUProgramParameters ( src/Graphics/GL/EXT/GPUProgramParameters.hs, dist/dist-sandbox-b0155bc7/build/Graphics/GL/EXT/GPUProgramParameters.o )
[407 of 573] Compiling Graphics.GL.EXT.GPUShader4 ( src/Graphics/GL/EXT/GPUShader4.hs, dist/dist-sandbox-b0155bc7/build/Graphics/GL/EXT/GPUShader4.o )
[408 of 573] Compiling Graphics.GL.EXT.GeometryShader4 ( src/Graphics/GL/EXT/GeometryShader4.hs, dist/dist-sandbox-b0155bc7/build/Graphics/GL/EXT/GeometryShader4.o )
[409 of 573] Compiling Graphics.GL.EXT.Histogram ( src/Graphics/GL/EXT/Histogram.hs, dist/dist-sandbox-b0155bc7/build/Graphics/GL/EXT/Histogram.o )
[410 of 573] Compiling Graphics.GL.EXT.IndexFunc ( src/Graphics/GL/EXT/IndexFunc.hs, dist/dist-sandbox-b0155bc7/build/Graphics/GL/EXT/IndexFunc.o )
[411 of 573] Compiling Graphics.GL.EXT.IndexMaterial ( src/Graphics/GL/EXT/IndexMaterial.hs, dist/dist-sandbox-b0155bc7/build/Graphics/GL/EXT/IndexMaterial.o )
[412 of 573] Compiling Graphics.GL.EXT.LightTexture ( src/Graphics/GL/EXT/LightTexture.hs, dist/dist-sandbox-b0155bc7/build/Graphics/GL/EXT/LightTexture.o )
[413 of 573] Compiling Graphics.GL.EXT.MultiDrawArrays ( src/Graphics/GL/EXT/MultiDrawArrays.hs, dist/dist-sandbox-b0155bc7/build/Graphics/GL/EXT/MultiDrawArrays.o )
[414 of 573] Compiling Graphics.GL.EXT.Multisample ( src/Graphics/GL/EXT/Multisample.hs, dist/dist-sandbox-b0155bc7/build/Graphics/GL/EXT/Multisample.o )
[415 of 573] Compiling Graphics.GL.EXT.PalettedTexture ( src/Graphics/GL/EXT/PalettedTexture.hs, dist/dist-sandbox-b0155bc7/build/Graphics/GL/EXT/PalettedTexture.o )
[416 of 573] Compiling Graphics.GL.EXT.PixelTransform ( src/Graphics/GL/EXT/PixelTransform.hs, dist/dist-sandbox-b0155bc7/build/Graphics/GL/EXT/PixelTransform.o )
[417 of 573] Compiling Graphics.GL.EXT.PointParameters ( src/Graphics/GL/EXT/PointParameters.hs, dist/dist-sandbox-b0155bc7/build/Graphics/GL/EXT/PointParameters.o )
[418 of 573] Compiling Graphics.GL.EXT.PolygonOffset ( src/Graphics/GL/EXT/PolygonOffset.hs, dist/dist-sandbox-b0155bc7/build/Graphics/GL/EXT/PolygonOffset.o )
[419 of 573] Compiling Graphics.GL.EXT.PolygonOffsetClamp ( src/Graphics/GL/EXT/PolygonOffsetClamp.hs, dist/dist-sandbox-b0155bc7/build/Graphics/GL/EXT/PolygonOffsetClamp.o )
[420 of 573] Compiling Graphics.GL.EXT.ProvokingVertex ( src/Graphics/GL/EXT/ProvokingVertex.hs, dist/dist-sandbox-b0155bc7/build/Graphics/GL/EXT/ProvokingVertex.o )
[421 of 573] Compiling Graphics.GL.EXT.RasterMultisample ( src/Graphics/GL/EXT/RasterMultisample.hs, dist/dist-sandbox-b0155bc7/build/Graphics/GL/EXT/RasterMultisample.o )
[422 of 573] Compiling Graphics.GL.EXT.SecondaryColor ( src/Graphics/GL/EXT/SecondaryColor.hs, dist/dist-sandbox-b0155bc7/build/Graphics/GL/EXT/SecondaryColor.o )
[423 of 573] Compiling Graphics.GL.EXT.SeparateShaderObjects ( src/Graphics/GL/EXT/SeparateShaderObjects.hs, dist/dist-sandbox-b0155bc7/build/Graphics/GL/EXT/SeparateShaderObjects.o )
[424 of 573] Compiling Graphics.GL.EXT.ShaderImageLoadStore ( src/Graphics/GL/EXT/ShaderImageLoadStore.hs, dist/dist-sandbox-b0155bc7/build/Graphics/GL/EXT/ShaderImageLoadStore.o )
[425 of 573] Compiling Graphics.GL.EXT.StencilClearTag ( src/Graphics/GL/EXT/StencilClearTag.hs, dist/dist-sandbox-b0155bc7/build/Graphics/GL/EXT/StencilClearTag.o )
[426 of 573] Compiling Graphics.GL.EXT.StencilTwoSide ( src/Graphics/GL/EXT/StencilTwoSide.hs, dist/dist-sandbox-b0155bc7/build/Graphics/GL/EXT/StencilTwoSide.o )
[427 of 573] Compiling Graphics.GL.EXT.Subtexture ( src/Graphics/GL/EXT/Subtexture.hs, dist/dist-sandbox-b0155bc7/build/Graphics/GL/EXT/Subtexture.o )
[428 of 573] Compiling Graphics.GL.EXT.Texture3D ( src/Graphics/GL/EXT/Texture3D.hs, dist/dist-sandbox-b0155bc7/build/Graphics/GL/EXT/Texture3D.o )
[429 of 573] Compiling Graphics.GL.EXT.TextureArray ( src/Graphics/GL/EXT/TextureArray.hs, dist/dist-sandbox-b0155bc7/build/Graphics/GL/EXT/TextureArray.o )
[430 of 573] Compiling Graphics.GL.EXT.TextureBufferObject ( src/Graphics/GL/EXT/TextureBufferObject.hs, dist/dist-sandbox-b0155bc7/build/Graphics/GL/EXT/TextureBufferObject.o )
[431 of 573] Compiling Graphics.GL.EXT.TextureFilterMinmax ( src/Graphics/GL/EXT/TextureFilterMinmax.hs, dist/dist-sandbox-b0155bc7/build/Graphics/GL/EXT/TextureFilterMinmax.o )
[432 of 573] Compiling Graphics.GL.EXT.TextureInteger ( src/Graphics/GL/EXT/TextureInteger.hs, dist/dist-sandbox-b0155bc7/build/Graphics/GL/EXT/TextureInteger.o )
[433 of 573] Compiling Graphics.GL.EXT.TextureObject ( src/Graphics/GL/EXT/TextureObject.hs, dist/dist-sandbox-b0155bc7/build/Graphics/GL/EXT/TextureObject.o )
[434 of 573] Compiling Graphics.GL.EXT.TexturePerturbNormal ( src/Graphics/GL/EXT/TexturePerturbNormal.hs, dist/dist-sandbox-b0155bc7/build/Graphics/GL/EXT/TexturePerturbNormal.o )
[435 of 573] Compiling Graphics.GL.EXT.TimerQuery ( src/Graphics/GL/EXT/TimerQuery.hs, dist/dist-sandbox-b0155bc7/build/Graphics/GL/EXT/TimerQuery.o )
[436 of 573] Compiling Graphics.GL.EXT.TransformFeedback ( src/Graphics/GL/EXT/TransformFeedback.hs, dist/dist-sandbox-b0155bc7/build/Graphics/GL/EXT/TransformFeedback.o )
[437 of 573] Compiling Graphics.GL.EXT.VertexArray ( src/Graphics/GL/EXT/VertexArray.hs, dist/dist-sandbox-b0155bc7/build/Graphics/GL/EXT/VertexArray.o )
[438 of 573] Compiling Graphics.GL.EXT.VertexAttrib64Bit ( src/Graphics/GL/EXT/VertexAttrib64Bit.hs, dist/dist-sandbox-b0155bc7/build/Graphics/GL/EXT/VertexAttrib64Bit.o )
[439 of 573] Compiling Graphics.GL.EXT.VertexShader ( src/Graphics/GL/EXT/VertexShader.hs, dist/dist-sandbox-b0155bc7/build/Graphics/GL/EXT/VertexShader.o )
[440 of 573] Compiling Graphics.GL.EXT.VertexWeighting ( src/Graphics/GL/EXT/VertexWeighting.hs, dist/dist-sandbox-b0155bc7/build/Graphics/GL/EXT/VertexWeighting.o )
[441 of 573] Compiling Graphics.GL.EXT.WindowRectangles ( src/Graphics/GL/EXT/WindowRectangles.hs, dist/dist-sandbox-b0155bc7/build/Graphics/GL/EXT/WindowRectangles.o )
[442 of 573] Compiling Graphics.GL.EXT.X11SyncObject ( src/Graphics/GL/EXT/X11SyncObject.hs, dist/dist-sandbox-b0155bc7/build/Graphics/GL/EXT/X11SyncObject.o )
[443 of 573] Compiling Graphics.GL.EXT  ( src/Graphics/GL/EXT.hs, dist/dist-sandbox-b0155bc7/build/Graphics/GL/EXT.o )
[444 of 573] Compiling Graphics.GL.GREMEDY.FrameTerminator ( src/Graphics/GL/GREMEDY/FrameTerminator.hs, dist/dist-sandbox-b0155bc7/build/Graphics/GL/GREMEDY/FrameTerminator.o )
[445 of 573] Compiling Graphics.GL.GREMEDY.StringMarker ( src/Graphics/GL/GREMEDY/StringMarker.hs, dist/dist-sandbox-b0155bc7/build/Graphics/GL/GREMEDY/StringMarker.o )
[446 of 573] Compiling Graphics.GL.GREMEDY ( src/Graphics/GL/GREMEDY.hs, dist/dist-sandbox-b0155bc7/build/Graphics/GL/GREMEDY.o )
[447 of 573] Compiling Graphics.GL.HP.ImageTransform ( src/Graphics/GL/HP/ImageTransform.hs, dist/dist-sandbox-b0155bc7/build/Graphics/GL/HP/ImageTransform.o )
[448 of 573] Compiling Graphics.GL.HP   ( src/Graphics/GL/HP.hs, dist/dist-sandbox-b0155bc7/build/Graphics/GL/HP.o )
[449 of 573] Compiling Graphics.GL.IBM.MultimodeDrawArrays ( src/Graphics/GL/IBM/MultimodeDrawArrays.hs, dist/dist-sandbox-b0155bc7/build/Graphics/GL/IBM/MultimodeDrawArrays.o )
[450 of 573] Compiling Graphics.GL.IBM.StaticData ( src/Graphics/GL/IBM/StaticData.hs, dist/dist-sandbox-b0155bc7/build/Graphics/GL/IBM/StaticData.o )
[451 of 573] Compiling Graphics.GL.IBM.VertexArrayLists ( src/Graphics/GL/IBM/VertexArrayLists.hs, dist/dist-sandbox-b0155bc7/build/Graphics/GL/IBM/VertexArrayLists.o )
[452 of 573] Compiling Graphics.GL.IBM  ( src/Graphics/GL/IBM.hs, dist/dist-sandbox-b0155bc7/build/Graphics/GL/IBM.o )
[453 of 573] Compiling Graphics.GL.INGR.BlendFuncSeparate ( src/Graphics/GL/INGR/BlendFuncSeparate.hs, dist/dist-sandbox-b0155bc7/build/Graphics/GL/INGR/BlendFuncSeparate.o )
[454 of 573] Compiling Graphics.GL.INGR ( src/Graphics/GL/INGR.hs, dist/dist-sandbox-b0155bc7/build/Graphics/GL/INGR.o )
[455 of 573] Compiling Graphics.GL.INTEL.FramebufferCmaa ( src/Graphics/GL/INTEL/FramebufferCmaa.hs, dist/dist-sandbox-b0155bc7/build/Graphics/GL/INTEL/FramebufferCmaa.o )
[456 of 573] Compiling Graphics.GL.INTEL.MapTexture ( src/Graphics/GL/INTEL/MapTexture.hs, dist/dist-sandbox-b0155bc7/build/Graphics/GL/INTEL/MapTexture.o )
[457 of 573] Compiling Graphics.GL.INTEL.ParallelArrays ( src/Graphics/GL/INTEL/ParallelArrays.hs, dist/dist-sandbox-b0155bc7/build/Graphics/GL/INTEL/ParallelArrays.o )
[458 of 573] Compiling Graphics.GL.INTEL.PerformanceQuery ( src/Graphics/GL/INTEL/PerformanceQuery.hs, dist/dist-sandbox-b0155bc7/build/Graphics/GL/INTEL/PerformanceQuery.o )
[459 of 573] Compiling Graphics.GL.INTEL ( src/Graphics/GL/INTEL.hs, dist/dist-sandbox-b0155bc7/build/Graphics/GL/INTEL.o )
[460 of 573] Compiling Graphics.GL.KHR.BlendEquationAdvanced ( src/Graphics/GL/KHR/BlendEquationAdvanced.hs, dist/dist-sandbox-b0155bc7/build/Graphics/GL/KHR/BlendEquationAdvanced.o )
[461 of 573] Compiling Graphics.GL.KHR.DebugCompatibility ( src/Graphics/GL/KHR/DebugCompatibility.hs, dist/dist-sandbox-b0155bc7/build/Graphics/GL/KHR/DebugCompatibility.o )
[462 of 573] Compiling Graphics.GL.KHR.DebugCore ( src/Graphics/GL/KHR/DebugCore.hs, dist/dist-sandbox-b0155bc7/build/Graphics/GL/KHR/DebugCore.o )
[463 of 573] Compiling Graphics.GL.KHR.Robustness ( src/Graphics/GL/KHR/Robustness.hs, dist/dist-sandbox-b0155bc7/build/Graphics/GL/KHR/Robustness.o )
[464 of 573] Compiling Graphics.GL.KHR  ( src/Graphics/GL/KHR.hs, dist/dist-sandbox-b0155bc7/build/Graphics/GL/KHR.o )
[465 of 573] Compiling Graphics.GL.MESA.ResizeBuffers ( src/Graphics/GL/MESA/ResizeBuffers.hs, dist/dist-sandbox-b0155bc7/build/Graphics/GL/MESA/ResizeBuffers.o )
[466 of 573] Compiling Graphics.GL.MESA.WindowPos ( src/Graphics/GL/MESA/WindowPos.hs, dist/dist-sandbox-b0155bc7/build/Graphics/GL/MESA/WindowPos.o )
[467 of 573] Compiling Graphics.GL.MESA ( src/Graphics/GL/MESA.hs, dist/dist-sandbox-b0155bc7/build/Graphics/GL/MESA.o )
[468 of 573] Compiling Graphics.GL.NV.BindlessMultiDrawIndirect ( src/Graphics/GL/NV/BindlessMultiDrawIndirect.hs, dist/dist-sandbox-b0155bc7/build/Graphics/GL/NV/BindlessMultiDrawIndirect.o )
[469 of 573] Compiling Graphics.GL.NV.BindlessMultiDrawIndirectCount ( src/Graphics/GL/NV/BindlessMultiDrawIndirectCount.hs, dist/dist-sandbox-b0155bc7/build/Graphics/GL/NV/BindlessMultiDrawIndirectCount.o )
[470 of 573] Compiling Graphics.GL.NV.BindlessTexture ( src/Graphics/GL/NV/BindlessTexture.hs, dist/dist-sandbox-b0155bc7/build/Graphics/GL/NV/BindlessTexture.o )
[471 of 573] Compiling Graphics.GL.NV.BlendEquationAdvanced ( src/Graphics/GL/NV/BlendEquationAdvanced.hs, dist/dist-sandbox-b0155bc7/build/Graphics/GL/NV/BlendEquationAdvanced.o )
[472 of 573] Compiling Graphics.GL.NV.ClipSpaceWScaling ( src/Graphics/GL/NV/ClipSpaceWScaling.hs, dist/dist-sandbox-b0155bc7/build/Graphics/GL/NV/ClipSpaceWScaling.o )
[473 of 573] Compiling Graphics.GL.NV.CommandList ( src/Graphics/GL/NV/CommandList.hs, dist/dist-sandbox-b0155bc7/build/Graphics/GL/NV/CommandList.o )
[474 of 573] Compiling Graphics.GL.NV.ConditionalRender ( src/Graphics/GL/NV/ConditionalRender.hs, dist/dist-sandbox-b0155bc7/build/Graphics/GL/NV/ConditionalRender.o )
[475 of 573] Compiling Graphics.GL.NV.ConservativeRaster ( src/Graphics/GL/NV/ConservativeRaster.hs, dist/dist-sandbox-b0155bc7/build/Graphics/GL/NV/ConservativeRaster.o )
[476 of 573] Compiling Graphics.GL.NV.ConservativeRasterDilate ( src/Graphics/GL/NV/ConservativeRasterDilate.hs, dist/dist-sandbox-b0155bc7/build/Graphics/GL/NV/ConservativeRasterDilate.o )
[477 of 573] Compiling Graphics.GL.NV.ConservativeRasterPreSnapTriangles ( src/Graphics/GL/NV/ConservativeRasterPreSnapTriangles.hs, dist/dist-sandbox-b0155bc7/build/Graphics/GL/NV/ConservativeRasterPreSnapTriangles.o )
[478 of 573] Compiling Graphics.GL.NV.CopyImage ( src/Graphics/GL/NV/CopyImage.hs, dist/dist-sandbox-b0155bc7/build/Graphics/GL/NV/CopyImage.o )
[479 of 573] Compiling Graphics.GL.NV.DepthBufferFloat ( src/Graphics/GL/NV/DepthBufferFloat.hs, dist/dist-sandbox-b0155bc7/build/Graphics/GL/NV/DepthBufferFloat.o )
[480 of 573] Compiling Graphics.GL.NV.DrawTexture ( src/Graphics/GL/NV/DrawTexture.hs, dist/dist-sandbox-b0155bc7/build/Graphics/GL/NV/DrawTexture.o )
[481 of 573] Compiling Graphics.GL.NV.Evaluators ( src/Graphics/GL/NV/Evaluators.hs, dist/dist-sandbox-b0155bc7/build/Graphics/GL/NV/Evaluators.o )
[482 of 573] Compiling Graphics.GL.NV.ExplicitMultisample ( src/Graphics/GL/NV/ExplicitMultisample.hs, dist/dist-sandbox-b0155bc7/build/Graphics/GL/NV/ExplicitMultisample.o )
[483 of 573] Compiling Graphics.GL.NV.Fence ( src/Graphics/GL/NV/Fence.hs, dist/dist-sandbox-b0155bc7/build/Graphics/GL/NV/Fence.o )
[484 of 573] Compiling Graphics.GL.NV.FragmentCoverageToColor ( src/Graphics/GL/NV/FragmentCoverageToColor.hs, dist/dist-sandbox-b0155bc7/build/Graphics/GL/NV/FragmentCoverageToColor.o )
[485 of 573] Compiling Graphics.GL.NV.FragmentProgram ( src/Graphics/GL/NV/FragmentProgram.hs, dist/dist-sandbox-b0155bc7/build/Graphics/GL/NV/FragmentProgram.o )
[486 of 573] Compiling Graphics.GL.NV.FramebufferMixedSamples ( src/Graphics/GL/NV/FramebufferMixedSamples.hs, dist/dist-sandbox-b0155bc7/build/Graphics/GL/NV/FramebufferMixedSamples.o )
[487 of 573] Compiling Graphics.GL.NV.FramebufferMultisampleCoverage ( src/Graphics/GL/NV/FramebufferMultisampleCoverage.hs, dist/dist-sandbox-b0155bc7/build/Graphics/GL/NV/FramebufferMultisampleCoverage.o )
[488 of 573] Compiling Graphics.GL.NV.GPUProgram4 ( src/Graphics/GL/NV/GPUProgram4.hs, dist/dist-sandbox-b0155bc7/build/Graphics/GL/NV/GPUProgram4.o )
[489 of 573] Compiling Graphics.GL.NV.GPUProgram5 ( src/Graphics/GL/NV/GPUProgram5.hs, dist/dist-sandbox-b0155bc7/build/Graphics/GL/NV/GPUProgram5.o )
[490 of 573] Compiling Graphics.GL.NV.GPUShader5 ( src/Graphics/GL/NV/GPUShader5.hs, dist/dist-sandbox-b0155bc7/build/Graphics/GL/NV/GPUShader5.o )
[491 of 573] Compiling Graphics.GL.NV.GeometryProgram4 ( src/Graphics/GL/NV/GeometryProgram4.hs, dist/dist-sandbox-b0155bc7/build/Graphics/GL/NV/GeometryProgram4.o )
[492 of 573] Compiling Graphics.GL.NV.HalfFloat ( src/Graphics/GL/NV/HalfFloat.hs, dist/dist-sandbox-b0155bc7/build/Graphics/GL/NV/HalfFloat.o )
[493 of 573] Compiling Graphics.GL.NV.InternalformatSampleQuery ( src/Graphics/GL/NV/InternalformatSampleQuery.hs, dist/dist-sandbox-b0155bc7/build/Graphics/GL/NV/InternalformatSampleQuery.o )
[494 of 573] Compiling Graphics.GL.NV.OcclusionQuery ( src/Graphics/GL/NV/OcclusionQuery.hs, dist/dist-sandbox-b0155bc7/build/Graphics/GL/NV/OcclusionQuery.o )
[495 of 573] Compiling Graphics.GL.NV.ParameterBufferObject ( src/Graphics/GL/NV/ParameterBufferObject.hs, dist/dist-sandbox-b0155bc7/build/Graphics/GL/NV/ParameterBufferObject.o )
[496 of 573] Compiling Graphics.GL.NV.PathRenderingCompatibility ( src/Graphics/GL/NV/PathRenderingCompatibility.hs, dist/dist-sandbox-b0155bc7/build/Graphics/GL/NV/PathRenderingCompatibility.o )
[497 of 573] Compiling Graphics.GL.NV.PathRenderingCore ( src/Graphics/GL/NV/PathRenderingCore.hs, dist/dist-sandbox-b0155bc7/build/Graphics/GL/NV/PathRenderingCore.o )
[498 of 573] Compiling Graphics.GL.NV.PixelDataRange ( src/Graphics/GL/NV/PixelDataRange.hs, dist/dist-sandbox-b0155bc7/build/Graphics/GL/NV/PixelDataRange.o )
[499 of 573] Compiling Graphics.GL.NV.PointSprite ( src/Graphics/GL/NV/PointSprite.hs, dist/dist-sandbox-b0155bc7/build/Graphics/GL/NV/PointSprite.o )
[500 of 573] Compiling Graphics.GL.NV.PresentVideo ( src/Graphics/GL/NV/PresentVideo.hs, dist/dist-sandbox-b0155bc7/build/Graphics/GL/NV/PresentVideo.o )
[501 of 573] Compiling Graphics.GL.NV.PrimitiveRestart ( src/Graphics/GL/NV/PrimitiveRestart.hs, dist/dist-sandbox-b0155bc7/build/Graphics/GL/NV/PrimitiveRestart.o )
[502 of 573] Compiling Graphics.GL.NV.RegisterCombiners ( src/Graphics/GL/NV/RegisterCombiners.hs, dist/dist-sandbox-b0155bc7/build/Graphics/GL/NV/RegisterCombiners.o )
[503 of 573] Compiling Graphics.GL.NV.RegisterCombiners2 ( src/Graphics/GL/NV/RegisterCombiners2.hs, dist/dist-sandbox-b0155bc7/build/Graphics/GL/NV/RegisterCombiners2.o )
[504 of 573] Compiling Graphics.GL.NV.SampleLocations ( src/Graphics/GL/NV/SampleLocations.hs, dist/dist-sandbox-b0155bc7/build/Graphics/GL/NV/SampleLocations.o )
[505 of 573] Compiling Graphics.GL.NV.ShaderBufferLoad ( src/Graphics/GL/NV/ShaderBufferLoad.hs, dist/dist-sandbox-b0155bc7/build/Graphics/GL/NV/ShaderBufferLoad.o )
[506 of 573] Compiling Graphics.GL.NV.TextureBarrier ( src/Graphics/GL/NV/TextureBarrier.hs, dist/dist-sandbox-b0155bc7/build/Graphics/GL/NV/TextureBarrier.o )
[507 of 573] Compiling Graphics.GL.NV.TextureMultisample ( src/Graphics/GL/NV/TextureMultisample.hs, dist/dist-sandbox-b0155bc7/build/Graphics/GL/NV/TextureMultisample.o )
[508 of 573] Compiling Graphics.GL.NV.TransformFeedback ( src/Graphics/GL/NV/TransformFeedback.hs, dist/dist-sandbox-b0155bc7/build/Graphics/GL/NV/TransformFeedback.o )
[509 of 573] Compiling Graphics.GL.NV.TransformFeedback2 ( src/Graphics/GL/NV/TransformFeedback2.hs, dist/dist-sandbox-b0155bc7/build/Graphics/GL/NV/TransformFeedback2.o )
[510 of 573] Compiling Graphics.GL.NV.VDPAUInterop ( src/Graphics/GL/NV/VDPAUInterop.hs, dist/dist-sandbox-b0155bc7/build/Graphics/GL/NV/VDPAUInterop.o )
[511 of 573] Compiling Graphics.GL.NV.VertexArrayRange ( src/Graphics/GL/NV/VertexArrayRange.hs, dist/dist-sandbox-b0155bc7/build/Graphics/GL/NV/VertexArrayRange.o )
[512 of 573] Compiling Graphics.GL.NV.VertexAttribInteger64Bit ( src/Graphics/GL/NV/VertexAttribInteger64Bit.hs, dist/dist-sandbox-b0155bc7/build/Graphics/GL/NV/VertexAttribInteger64Bit.o )
[513 of 573] Compiling Graphics.GL.NV.VertexBufferUnifiedMemory ( src/Graphics/GL/NV/VertexBufferUnifiedMemory.hs, dist/dist-sandbox-b0155bc7/build/Graphics/GL/NV/VertexBufferUnifiedMemory.o )
[514 of 573] Compiling Graphics.GL.NV.VertexProgram ( src/Graphics/GL/NV/VertexProgram.hs, dist/dist-sandbox-b0155bc7/build/Graphics/GL/NV/VertexProgram.o )
[515 of 573] Compiling Graphics.GL.NV.VertexProgram4 ( src/Graphics/GL/NV/VertexProgram4.hs, dist/dist-sandbox-b0155bc7/build/Graphics/GL/NV/VertexProgram4.o )
[516 of 573] Compiling Graphics.GL.NV.VideoCapture ( src/Graphics/GL/NV/VideoCapture.hs, dist/dist-sandbox-b0155bc7/build/Graphics/GL/NV/VideoCapture.o )
[517 of 573] Compiling Graphics.GL.NV.ViewportSwizzle ( src/Graphics/GL/NV/ViewportSwizzle.hs, dist/dist-sandbox-b0155bc7/build/Graphics/GL/NV/ViewportSwizzle.o )
[518 of 573] Compiling Graphics.GL.NV   ( src/Graphics/GL/NV.hs, dist/dist-sandbox-b0155bc7/build/Graphics/GL/NV.o )
[519 of 573] Compiling Graphics.GL.NVX.ConditionalRender ( src/Graphics/GL/NVX/ConditionalRender.hs, dist/dist-sandbox-b0155bc7/build/Graphics/GL/NVX/ConditionalRender.o )
[520 of 573] Compiling Graphics.GL.NVX  ( src/Graphics/GL/NVX.hs, dist/dist-sandbox-b0155bc7/build/Graphics/GL/NVX.o )
[521 of 573] Compiling Graphics.GL.OES.ByteCoordinates ( src/Graphics/GL/OES/ByteCoordinates.hs, dist/dist-sandbox-b0155bc7/build/Graphics/GL/OES/ByteCoordinates.o )
[522 of 573] Compiling Graphics.GL.OES.FixedPoint ( src/Graphics/GL/OES/FixedPoint.hs, dist/dist-sandbox-b0155bc7/build/Graphics/GL/OES/FixedPoint.o )
[523 of 573] Compiling Graphics.GL.OES.QueryMatrix ( src/Graphics/GL/OES/QueryMatrix.hs, dist/dist-sandbox-b0155bc7/build/Graphics/GL/OES/QueryMatrix.o )
[524 of 573] Compiling Graphics.GL.OES.SinglePrecision ( src/Graphics/GL/OES/SinglePrecision.hs, dist/dist-sandbox-b0155bc7/build/Graphics/GL/OES/SinglePrecision.o )
[525 of 573] Compiling Graphics.GL.OES  ( src/Graphics/GL/OES.hs, dist/dist-sandbox-b0155bc7/build/Graphics/GL/OES.o )
[526 of 573] Compiling Graphics.GL.OVR.Multiview ( src/Graphics/GL/OVR/Multiview.hs, dist/dist-sandbox-b0155bc7/build/Graphics/GL/OVR/Multiview.o )
[527 of 573] Compiling Graphics.GL.OVR  ( src/Graphics/GL/OVR.hs, dist/dist-sandbox-b0155bc7/build/Graphics/GL/OVR.o )
[528 of 573] Compiling Graphics.GL.PGI.MiscHints ( src/Graphics/GL/PGI/MiscHints.hs, dist/dist-sandbox-b0155bc7/build/Graphics/GL/PGI/MiscHints.o )
[529 of 573] Compiling Graphics.GL.PGI  ( src/Graphics/GL/PGI.hs, dist/dist-sandbox-b0155bc7/build/Graphics/GL/PGI.o )
[530 of 573] Compiling Graphics.GL.SGI.ColorTable ( src/Graphics/GL/SGI/ColorTable.hs, dist/dist-sandbox-b0155bc7/build/Graphics/GL/SGI/ColorTable.o )
[531 of 573] Compiling Graphics.GL.SGI  ( src/Graphics/GL/SGI.hs, dist/dist-sandbox-b0155bc7/build/Graphics/GL/SGI.o )
[532 of 573] Compiling Graphics.GL.SGIS.DetailTexture ( src/Graphics/GL/SGIS/DetailTexture.hs, dist/dist-sandbox-b0155bc7/build/Graphics/GL/SGIS/DetailTexture.o )
[533 of 573] Compiling Graphics.GL.SGIS.FogFunction ( src/Graphics/GL/SGIS/FogFunction.hs, dist/dist-sandbox-b0155bc7/build/Graphics/GL/SGIS/FogFunction.o )
[534 of 573] Compiling Graphics.GL.SGIS.Multisample ( src/Graphics/GL/SGIS/Multisample.hs, dist/dist-sandbox-b0155bc7/build/Graphics/GL/SGIS/Multisample.o )
[535 of 573] Compiling Graphics.GL.SGIS.PixelTexture ( src/Graphics/GL/SGIS/PixelTexture.hs, dist/dist-sandbox-b0155bc7/build/Graphics/GL/SGIS/PixelTexture.o )
[536 of 573] Compiling Graphics.GL.SGIS.PointParameters ( src/Graphics/GL/SGIS/PointParameters.hs, dist/dist-sandbox-b0155bc7/build/Graphics/GL/SGIS/PointParameters.o )
[537 of 573] Compiling Graphics.GL.SGIS.SharpenTexture ( src/Graphics/GL/SGIS/SharpenTexture.hs, dist/dist-sandbox-b0155bc7/build/Graphics/GL/SGIS/SharpenTexture.o )
[538 of 573] Compiling Graphics.GL.SGIS.Texture4D ( src/Graphics/GL/SGIS/Texture4D.hs, dist/dist-sandbox-b0155bc7/build/Graphics/GL/SGIS/Texture4D.o )
[539 of 573] Compiling Graphics.GL.SGIS.TextureColorMask ( src/Graphics/GL/SGIS/TextureColorMask.hs, dist/dist-sandbox-b0155bc7/build/Graphics/GL/SGIS/TextureColorMask.o )
[540 of 573] Compiling Graphics.GL.SGIS.TextureFilter4 ( src/Graphics/GL/SGIS/TextureFilter4.hs, dist/dist-sandbox-b0155bc7/build/Graphics/GL/SGIS/TextureFilter4.o )
[541 of 573] Compiling Graphics.GL.SGIS ( src/Graphics/GL/SGIS.hs, dist/dist-sandbox-b0155bc7/build/Graphics/GL/SGIS.o )
[542 of 573] Compiling Graphics.GL.SGIX.Async ( src/Graphics/GL/SGIX/Async.hs, dist/dist-sandbox-b0155bc7/build/Graphics/GL/SGIX/Async.o )
[543 of 573] Compiling Graphics.GL.SGIX.FlushRaster ( src/Graphics/GL/SGIX/FlushRaster.hs, dist/dist-sandbox-b0155bc7/build/Graphics/GL/SGIX/FlushRaster.o )
[544 of 573] Compiling Graphics.GL.SGIX.FragmentLighting ( src/Graphics/GL/SGIX/FragmentLighting.hs, dist/dist-sandbox-b0155bc7/build/Graphics/GL/SGIX/FragmentLighting.o )
[545 of 573] Compiling Graphics.GL.SGIX.Framezoom ( src/Graphics/GL/SGIX/Framezoom.hs, dist/dist-sandbox-b0155bc7/build/Graphics/GL/SGIX/Framezoom.o )
[546 of 573] Compiling Graphics.GL.SGIX.IglooInterface ( src/Graphics/GL/SGIX/IglooInterface.hs, dist/dist-sandbox-b0155bc7/build/Graphics/GL/SGIX/IglooInterface.o )
[547 of 573] Compiling Graphics.GL.SGIX.Instruments ( src/Graphics/GL/SGIX/Instruments.hs, dist/dist-sandbox-b0155bc7/build/Graphics/GL/SGIX/Instruments.o )
[548 of 573] Compiling Graphics.GL.SGIX.ListPriority ( src/Graphics/GL/SGIX/ListPriority.hs, dist/dist-sandbox-b0155bc7/build/Graphics/GL/SGIX/ListPriority.o )
[549 of 573] Compiling Graphics.GL.SGIX.PixelTexture ( src/Graphics/GL/SGIX/PixelTexture.hs, dist/dist-sandbox-b0155bc7/build/Graphics/GL/SGIX/PixelTexture.o )
[550 of 573] Compiling Graphics.GL.SGIX.PolynomialFFD ( src/Graphics/GL/SGIX/PolynomialFFD.hs, dist/dist-sandbox-b0155bc7/build/Graphics/GL/SGIX/PolynomialFFD.o )
[551 of 573] Compiling Graphics.GL.SGIX.ReferencePlane ( src/Graphics/GL/SGIX/ReferencePlane.hs, dist/dist-sandbox-b0155bc7/build/Graphics/GL/SGIX/ReferencePlane.o )
[552 of 573] Compiling Graphics.GL.SGIX.Sprite ( src/Graphics/GL/SGIX/Sprite.hs, dist/dist-sandbox-b0155bc7/build/Graphics/GL/SGIX/Sprite.o )
[553 of 573] Compiling Graphics.GL.SGIX.TagSampleBuffer ( src/Graphics/GL/SGIX/TagSampleBuffer.hs, dist/dist-sandbox-b0155bc7/build/Graphics/GL/SGIX/TagSampleBuffer.o )
[554 of 573] Compiling Graphics.GL.SGIX ( src/Graphics/GL/SGIX.hs, dist/dist-sandbox-b0155bc7/build/Graphics/GL/SGIX.o )
[555 of 573] Compiling Graphics.GL.SUN.GlobalAlpha ( src/Graphics/GL/SUN/GlobalAlpha.hs, dist/dist-sandbox-b0155bc7/build/Graphics/GL/SUN/GlobalAlpha.o )
[556 of 573] Compiling Graphics.GL.SUN.MeshArray ( src/Graphics/GL/SUN/MeshArray.hs, dist/dist-sandbox-b0155bc7/build/Graphics/GL/SUN/MeshArray.o )
[557 of 573] Compiling Graphics.GL.SUN.TriangleList ( src/Graphics/GL/SUN/TriangleList.hs, dist/dist-sandbox-b0155bc7/build/Graphics/GL/SUN/TriangleList.o )
[558 of 573] Compiling Graphics.GL.SUN.Vertex ( src/Graphics/GL/SUN/Vertex.hs, dist/dist-sandbox-b0155bc7/build/Graphics/GL/SUN/Vertex.o )
[559 of 573] Compiling Graphics.GL.SUN  ( src/Graphics/GL/SUN.hs, dist/dist-sandbox-b0155bc7/build/Graphics/GL/SUN.o )
[560 of 573] Compiling Graphics.GL.SUNX.ConstantData ( src/Graphics/GL/SUNX/ConstantData.hs, dist/dist-sandbox-b0155bc7/build/Graphics/GL/SUNX/ConstantData.o )
[561 of 573] Compiling Graphics.GL.SUNX ( src/Graphics/GL/SUNX.hs, dist/dist-sandbox-b0155bc7/build/Graphics/GL/SUNX.o )
[562 of 573] Compiling Graphics.GL.ThreeDFX.Tbuffer ( src/Graphics/GL/ThreeDFX/Tbuffer.hs, dist/dist-sandbox-b0155bc7/build/Graphics/GL/ThreeDFX/Tbuffer.o )
[563 of 573] Compiling Graphics.GL.ThreeDFX ( src/Graphics/GL/ThreeDFX.hs, dist/dist-sandbox-b0155bc7/build/Graphics/GL/ThreeDFX.o )
[564 of 573] Compiling Graphics.GL.Version10 ( src/Graphics/GL/Version10.hs, dist/dist-sandbox-b0155bc7/build/Graphics/GL/Version10.o )
[565 of 573] Compiling Graphics.GL.Version11 ( src/Graphics/GL/Version11.hs, dist/dist-sandbox-b0155bc7/build/Graphics/GL/Version11.o )
[566 of 573] Compiling Graphics.GL.Version12 ( src/Graphics/GL/Version12.hs, dist/dist-sandbox-b0155bc7/build/Graphics/GL/Version12.o )
[567 of 573] Compiling Graphics.GL.Version13 ( src/Graphics/GL/Version13.hs, dist/dist-sandbox-b0155bc7/build/Graphics/GL/Version13.o )
[568 of 573] Compiling Graphics.GL.Version14 ( src/Graphics/GL/Version14.hs, dist/dist-sandbox-b0155bc7/build/Graphics/GL/Version14.o )
[569 of 573] Compiling Graphics.GL.Version15 ( src/Graphics/GL/Version15.hs, dist/dist-sandbox-b0155bc7/build/Graphics/GL/Version15.o )
[570 of 573] Compiling Graphics.GL.Version20 ( src/Graphics/GL/Version20.hs, dist/dist-sandbox-b0155bc7/build/Graphics/GL/Version20.o )
[571 of 573] Compiling Graphics.GL.Version21 ( src/Graphics/GL/Version21.hs, dist/dist-sandbox-b0155bc7/build/Graphics/GL/Version21.o )
[572 of 573] Compiling Graphics.GL.Compatibility45 ( src/Graphics/GL/Compatibility45.hs, dist/dist-sandbox-b0155bc7/build/Graphics/GL/Compatibility45.o )
[573 of 573] Compiling Graphics.GL      ( src/Graphics/GL.hs, dist/dist-sandbox-b0155bc7/build/Graphics/GL.o )
Creating package registration file:
/tmp/pkgConf-OpenGLRaw-3.2.31330573317603570492.0
Installing library in
/home/fatty/abridgefaraway/.cabal-sandbox/lib/x86_64-linux-ghc-8.0.1/OpenGLRaw-3.2.3.0-ngqT23TZ2cDcCBwzr4npt
Registering OpenGLRaw-3.2.3.0...
cabal: Leaving directory '/tmp/cabal-tmp-21278/OpenGLRaw-3.2.3.0'
