cabal: Entering directory '/tmp/cabal-tmp-16688/parsec-3.1.11'
Configuring parsec-3.1.11...
Building parsec-3.1.11...
Preprocessing library parsec-3.1.11...
[ 1 of 25] Compiling Text.Parsec.Pos  ( Text/Parsec/Pos.hs, dist/dist-sandbox-b0155bc7/build/Text/Parsec/Pos.o )
[ 2 of 25] Compiling Text.Parsec.Error ( Text/Parsec/Error.hs, dist/dist-sandbox-b0155bc7/build/Text/Parsec/Error.o )
[ 3 of 25] Compiling Text.ParserCombinators.Parsec.Error ( Text/ParserCombinators/Parsec/Error.hs, dist/dist-sandbox-b0155bc7/build/Text/ParserCombinators/Parsec/Error.o )
[ 4 of 25] Compiling Text.Parsec.Prim ( Text/Parsec/Prim.hs, dist/dist-sandbox-b0155bc7/build/Text/Parsec/Prim.o )
[ 5 of 25] Compiling Text.Parsec.Combinator ( Text/Parsec/Combinator.hs, dist/dist-sandbox-b0155bc7/build/Text/Parsec/Combinator.o )
[ 6 of 25] Compiling Text.ParserCombinators.Parsec.Combinator ( Text/ParserCombinators/Parsec/Combinator.hs, dist/dist-sandbox-b0155bc7/build/Text/ParserCombinators/Parsec/Combinator.o )
[ 7 of 25] Compiling Text.Parsec.String ( Text/Parsec/String.hs, dist/dist-sandbox-b0155bc7/build/Text/Parsec/String.o )
[ 8 of 25] Compiling Text.Parsec.ByteString ( Text/Parsec/ByteString.hs, dist/dist-sandbox-b0155bc7/build/Text/Parsec/ByteString.o )
[ 9 of 25] Compiling Text.Parsec.ByteString.Lazy ( Text/Parsec/ByteString/Lazy.hs, dist/dist-sandbox-b0155bc7/build/Text/Parsec/ByteString/Lazy.o )
[10 of 25] Compiling Text.Parsec.Text ( Text/Parsec/Text.hs, dist/dist-sandbox-b0155bc7/build/Text/Parsec/Text.o )
[11 of 25] Compiling Text.Parsec.Text.Lazy ( Text/Parsec/Text/Lazy.hs, dist/dist-sandbox-b0155bc7/build/Text/Parsec/Text/Lazy.o )
[12 of 25] Compiling Text.Parsec.Expr ( Text/Parsec/Expr.hs, dist/dist-sandbox-b0155bc7/build/Text/Parsec/Expr.o )
[13 of 25] Compiling Text.ParserCombinators.Parsec.Prim ( Text/ParserCombinators/Parsec/Prim.hs, dist/dist-sandbox-b0155bc7/build/Text/ParserCombinators/Parsec/Prim.o )
[14 of 25] Compiling Text.ParserCombinators.Parsec.Pos ( Text/ParserCombinators/Parsec/Pos.hs, dist/dist-sandbox-b0155bc7/build/Text/ParserCombinators/Parsec/Pos.o )
[15 of 25] Compiling Text.Parsec.Char ( Text/Parsec/Char.hs, dist/dist-sandbox-b0155bc7/build/Text/Parsec/Char.o )
[16 of 25] Compiling Text.Parsec.Token ( Text/Parsec/Token.hs, dist/dist-sandbox-b0155bc7/build/Text/Parsec/Token.o )
[17 of 25] Compiling Text.ParserCombinators.Parsec.Token ( Text/ParserCombinators/Parsec/Token.hs, dist/dist-sandbox-b0155bc7/build/Text/ParserCombinators/Parsec/Token.o )
[18 of 25] Compiling Text.ParserCombinators.Parsec.Char ( Text/ParserCombinators/Parsec/Char.hs, dist/dist-sandbox-b0155bc7/build/Text/ParserCombinators/Parsec/Char.o )
[19 of 25] Compiling Text.ParserCombinators.Parsec ( Text/ParserCombinators/Parsec.hs, dist/dist-sandbox-b0155bc7/build/Text/ParserCombinators/Parsec.o )
[20 of 25] Compiling Text.ParserCombinators.Parsec.Expr ( Text/ParserCombinators/Parsec/Expr.hs, dist/dist-sandbox-b0155bc7/build/Text/ParserCombinators/Parsec/Expr.o )
[21 of 25] Compiling Text.Parsec      ( Text/Parsec.hs, dist/dist-sandbox-b0155bc7/build/Text/Parsec.o )
[22 of 25] Compiling Text.Parsec.Language ( Text/Parsec/Language.hs, dist/dist-sandbox-b0155bc7/build/Text/Parsec/Language.o )
[23 of 25] Compiling Text.ParserCombinators.Parsec.Language ( Text/ParserCombinators/Parsec/Language.hs, dist/dist-sandbox-b0155bc7/build/Text/ParserCombinators/Parsec/Language.o )
[24 of 25] Compiling Text.Parsec.Perm ( Text/Parsec/Perm.hs, dist/dist-sandbox-b0155bc7/build/Text/Parsec/Perm.o )
[25 of 25] Compiling Text.ParserCombinators.Parsec.Perm ( Text/ParserCombinators/Parsec/Perm.hs, dist/dist-sandbox-b0155bc7/build/Text/ParserCombinators/Parsec/Perm.o )
Creating package registration file:
/tmp/pkgConf-parsec-3.117345751981973594324.11
Installing library in
/home/fatty/abridgefaraway/.cabal-sandbox/lib/x86_64-linux-ghc-8.0.1/parsec-3.1.11-IYEP8Lv1S9x5FeUQxGPDBY
Registering parsec-3.1.11...
cabal: Leaving directory '/tmp/cabal-tmp-16688/parsec-3.1.11'
